1	बिगबैंग	बिगबैंग	NN	3	r6
2	का	का	PSP:का	1	lwg__psp
3	प्रलय-हल्ला	प्रलय-हल्ला	NN	4	ccof
4	और	और	CC:और	14	k1
5	शिवकुटी	शिवकुटी	NNP	4	ccof
6	इनमें	इनमें	PRP	14	k7
7	सबसे	सबसे	INTF	8	jjmod__intf
8	महत्वपुर्ण	महत्वपुर्ण	JJ	9	nmod__adj
9	बिगबैंग	बिगबैंग	NN	14	k1
10	[	[	[	14	k1
11	महाविस्फोट	महाविस्फोट	NN	14	k1
12	]	]	]	14	adv
13	सिद्धांत	सिद्धान्त	NN	14	k1s
14	है	है	VM	0	main
15	.	.	.	14	rsym

1	यानि	यानि	CC:यानि	0	ROOT
2	अगर	अगर	CC:अगर	0	ROOT
3	कोई	कोई	PRP	4	nmod__adj
4	पदार्थ	पदार्थ	NN	5	ccof
5	या	या	CC:या	13	k3
6	ग्रह	ग्रह	NN	5	ccof
7	किसी	किसी	PRP	9	nmod__adj
8	ब्लैक	ब्लैक	JJ	9	nmod__adj
9	होल	होल	NN	11	k7
10	में	में	PSP:में	9	lwg__psp
11	फंसकर	फँस	VM	12	nmod__relc
12	उसमें	उसमें	PRP	13	k7
13	गिर	गिर	VM	2	ccof
14	जाता	जा	VAUX	13	lwg__vaux
15	है	है	VAUX	13	lwg__vaux
16	तो	तो	CC:तो	0	ROOT
17	वो	वो	PRP	24	k1
18	बिगबैंग	बिगबैंग	NN	24	k1
19	जैसे	जैसे	PSP:जैसे	18	lwg__psp
20	महाविस्फोट	महाविस्फोट	NN	24	k7t
21	के	का	PSP:का	20	lwg__psp
22	साथ	साथ	NST	20	lwg__psp
23	खत्म	खत्म	JJ	24	pof
24	हो	हो	VM	16	ccof
25	जाएगा	जा	VAUX	24	lwg__vaux
26	.	.	.	24	rsym

1	तब	तब	PRP	15	k7t
2	तो	तो	RP	1	lwg__rp
3	बिगबैंग	बिगबैंग	NN	15	k7
4	के	का	PSP:का	3	lwg__psp
5	बारे	बारे	PSP:बारे	3	lwg__psp
6	में	में	PSP:में	3	lwg__psp
7	हमारे	हमारे	PRP	8	r6
8	सोच	सोच	NN	15	k7
9	पर	पर	PSP:पर	8	lwg__psp
10	एक	एक	QC	11	nmod__adj
11	प्रकार	प्रकार	NN	15	k3
12	से	से	PSP:से	11	lwg__psp
13	प्रश्न	प्रश्न	NN	14	mod
14	चिन्ह	चिन्ह	NN	15	k2
15	लग	लग	VM	0	main
16	जाता	जा	VAUX	15	lwg__vaux
17	है	है	VAUX	15	lwg__vaux
18	!	!	!	15	rsym
19	यह	यह	PRP	29	k1
20	बिगबैंग	बिगबैंग	NN	29	k3
21	से	से	PSP:से	20	lwg__psp
22	मौजूदा	मौजूदा	JJ	23	nmod__adj
23	ब्रह्मण्ड	ब्रह्मण्ड	NN	25	r6
24	के	का	PSP:का	23	lwg__psp
25	विकास	विकास	NN	29	k1
26	क्रम	क्रम	NN	28	r6-k2
27	की	का	PSP:का	26	lwg__psp
28	व्याख्या	व्याख्या	NN	29	pof
29	करती	कर	VM	18	ccof
30	है	है	VAUX	29	lwg__vaux
31	.	.	.	29	rsym

1	अंतर	अंतर	NN	2	mod
2	चेतना	चेतना	NN	9	k7
3	का	का	PSP:का	2	lwg__psp
4	समय	समय	NN	2	lwg__psp
5	रेखा	रेखा	NN	9	k5
6	से	से	PSP:से	5	lwg__psp
7	गहरा	गहरा	JJ	8	nmod__adj
8	नाता	नाता	NN	9	k1s
9	है	है	VM	0	main
10	यह	यह	PRP	16	k7p
11	में	में	PSP:में	10	lwg__psp
12	पिछली	पिछली	JJ	13	nmod__adj
13	पोस्ट	पोस्ट	NN	16	k7
14	में	में	PSP:में	13	lwg__psp
15	स्पष्ट	स्पष्ट	JJ	16	pof
16	कर	कर	VM	0	ROOT
17	चुका	चुका	VAUX	16	lwg__vaux
18	हूं	है	VAUX	16	lwg__vaux
19	.	.	.	16	rsym

1	ब्रह्मांड	ब्रह्मांड	NN	3	r6
2	के	का	PSP:का	1	lwg__psp
3	नियम	नियम	NN	4	ccof
4	और	और	CC:और	21	rh
5	भारतीय	भारतीय	JJ	6	nmod__adj
6	दर्शन	दर्शन	NN	4	ccof
7	दोनों	दोना	NN	10	r6
8	की	का	PSP:का	7	lwg__psp
9	गहरी	गहरी	JJ	10	nmod__adj
10	समझ	समझ	NN	21	k1
11	ही	ही	RP	10	lwg__rp
12	आपको	आप	PRP	21	k1
13	इसके	इसके	PRP	16	r6
14	पीछे	पीछा	NST	13	lwg__psp
15	के	का	PSP:का	13	lwg__psp
16	सिद्धांत	सिद्धान्त	NN	18	k2
17	स्पष्ट	स्पष्ट	JJ	18	pof
18	करने	कर	VM	21	k7
19	में	में	PSP:में	18	lwg__psp
20	सहायक	सहायक	JJ	21	pof
21	हो	हो	VM	0	main
22	सकती	सक	VAUX	21	lwg__vaux
23	है	है	VAUX	21	lwg__vaux
24	.	.	.	21	rsym

1	जैसा	जैसा	PSP:जैसा	0	main
2	हम	हम	PRP	3	k1
3	जानते	जान	VM	1	ccof
4	है	है	VAUX	3	lwg__vaux
5	.	.	.	3	rsym

1	बिगबैंग	बिगबैंग	NN	6	k5
2	से	से	PSP:से	1	lwg__psp
3	ब्रह्मांड	ब्रह्मांड	NN	5	r6
4	का	का	PSP:का	3	lwg__psp
5	आरम्भ	आरम्भ	NN	6	pof
6	हुआ	हो	VM	0	main
7	है	है	VAUX	6	lwg__vaux
8	.	.	.	6	rsym

1	ब्रह्मांड	ब्रह्मांड	NN	3	r6
2	के	का	PSP:का	1	lwg__psp
3	विस्तार	विस्तार	NN	5	r6
4	के	का	PSP:का	3	lwg__psp
5	सिद्धांतो	सिद्धांतो	NN	11	k7
6	में	में	PSP:में	5	lwg__psp
7	आधुनिकतम	आधुनिकतम	JJ	10	nmod__adj
8	सिद्धांत	सिद्धान्त	NN	10	mod
9	स्ट्रिंग	स्ट्रिंग	XC	10	mod
10	थियोरी	थियोरी	NN	11	k1
11	है	है	VM	0	main
12	.	.	.	11	rsym

1	स्टीफन	स्टीफन	XC	2	mod
2	हाकिंग	हाकिंग	NN	20	k1
3	ने	ने	PSP:ने	2	lwg__psp
4	अपनी	अपनी	PRP	5	r6
5	पुस्तक	पुस्तक	NN	20	k2
6	'	'	'	10	rsym
7	ब्रीफ	ब्रीफ	XC	10	mod
8	हिस्टरी	हिस्टरी	NN	10	mod
9	ऑफ़	ऑफ़	XC	10	mod
10	टाइम	टाइम	NN	20	k7
11	'	'	'	10	rsym
12	में	में	PSP:में	10	lwg__psp
13	एक	एक	QC	15	nmod__adj
14	ऐसे	ऐसे	DEM	15	nmod__adj
15	सिद्धांत	सिद्धान्त	NN	17	r6
16	की	का	PSP:का	15	lwg__psp
17	आवश्यकता	आवश्यकता	NN	20	k7
18	पर	पर	PSP:पर	17	lwg__psp
19	जोर	जोर	NN	20	pof
20	दिया	दे	VM	0	main
21	जो	जो	PRP	32	k1
22	प्रकृति	प्रकृति	NN	26	r6
23	के	का	PSP:का	22	lwg__psp
24	सभी	सभी	QF	26	nmod__adj
25	मूल	मूल	JJ	26	nmod__adj
26	भूत	भूत	NN	32	k1
27	बलों	बलों	NN	32	k4
28	की	का	PSP:का	27	lwg__psp
29	एक	एक	QC	32	k2
30	साथ	साथ	NST	29	lwg__psp
31	व्याख्या	व्याख्या	NN	32	pof
32	कर	कर	VM	0	ROOT
33	सके	सक	VAUX	32	lwg__vaux
34	,	,	,	32	rsym
35	इसे	इसे	PRP	0	ROOT
36	उन्होंने	उन्होंने	PRP	0	ROOT
37	'	'	'	0	ROOT
38	द	द	QC	0	ROOT
39	थ्योरी	थ्योरी	NN	0	ROOT
40	ऑफ़	ऑफ़	XC	0	ROOT
41	एवरीथिंग	एवरीथिंग	XC	40	ccof
42	'	'	'	41	rsym
43	.	.	.	41	rsym

1	इस	इस	DEM	2	nmod__adj
2	विस्फोट	विस्फोट	NN	5	k2
3	को	को	PSP:को	2	lwg__psp
4	बिगबैंग	बिगबैंग	NN	5	k2
5	कहा	कह	VM	7	ccof
6	गया	गया	VAUX	5	lwg__vaux
7	और	और	CC:और	0	main
8	इससे	इससे	PRP	14	rh
9	हमारे	हमारे	PRP	11	r6
10	समूचे	समूचा	JJ	11	nmod__adj
11	ब्रह्मांड	ब्रह्मांड	NN	13	r6-k1
12	की	का	PSP:का	11	lwg__psp
13	उत्पत्ति	उत्पत्ति	NN	14	pof
14	हुई	हो	VM	7	ccof
15	.	.	.	14	rsym

1	हब्बल	हब्बल	NN	21	k1
2	ने	ने	PSP:ने	1	lwg__psp
3	अब	अब	PRP	21	k7t
4	अंतरिक्ष	अंतरिक्ष	NN	10	k7p
5	में	में	PSP:में	4	lwg__psp
6	सबसे	सबसे	JJ	7	nmod__adj
7	गहराई	गहराई	NN	10	k7p
8	में	में	PSP:में	7	lwg__psp
9	फोकस	फोकस	NN	10	pof
10	करते	कर	VM	21	vmod
11	हुए	हो	VAUX	10	lwg__vaux
12	ब्लू	ब्लू	XC	13	mod
13	स्टार्स	स्टार्स	NNP	21	rt
14	की	का	PSP:का	13	lwg__psp
15	बनी	बन	VM	13	lwg__psp
16	ऐसी	ऐसी	DEM	21	k2
17	धुंधली	धुंधली	JJ	18	nmod__adj
18	सी	सी	RP	21	adv
19	आकाशगंगा	आकाशगंगा	JJ	20	nmod__adj
20	खोज	खोज	NN	21	k2
21	निकाली	निकाल	VM	0	main
22	है	है	VAUX	21	lwg__vaux
23	,	,	,	21	rsym
24	जिसका	जो	PRP	33	rh
25	निर्माण	निर्माण	NN	26	mod
26	बिगबैंग	बिगबैंग	NN	33	k1
27	के	का	PSP:का	26	lwg__psp
28	महज	महज	RB	33	adv
29	48	48	QC	31	nmod__adj
30	करोड़	करोड़	XC	31	nmod__adj
31	साल	साल	NN	33	k7t
32	बाद	बाद	NST	31	lwg__psp
33	हुआ	हो	VM	0	ROOT
34	था	था	VAUX	33	lwg__vaux
35	.	.	.	33	rsym

1	क्योंकि	क्योंकि	CC:क्योंकि	0	ROOT
2	“	“	NN	0	ROOT
3	अगर	अगर	CC:अगर	0	ROOT
4	बिगबैंग	बिगबैंग	NN	8	r6
5	के	का	PSP:का	4	lwg__psp
6	बाद	बाद	NST	4	lwg__psp
7	की	का	PSP:का	4	lwg__psp
8	दशा	दशा	NN	10	r6
9	की	का	PSP:का	8	lwg__psp
10	पुन	पुनः	NN	13	k1
11	:	:	:	13	adv
12	रचना	रचना	NN	13	pof
13	हुई	हो	VM	3	ccof
14	तो	तो	CC:तो	0	ROOT
15	प्रलय	प्रलय	NN	16	pof
16	आ	आ	VM	0	ROOT
17	सकती	सक	VAUX	16	lwg__vaux
18	है	है	VAUX	16	lwg__vaux
19	!	!	!	0	ROOT
20	”	”	NNP	0	ROOT
21	इन	इन	DEM	22	nmod__adj
22	नतीजों	नतीजा	NN	0	ROOT
23	से	से	PSP:से	22	lwg__psp
24	हम	हम	PRP	25	k1
25	जान	जान	NN	0	ROOT
26	सके	सक	VAUX	25	lwg__vaux
27	कि	कि	CC:कि	25	k2
28	सीएमबी	सीएमबी	NN	30	r6
29	के	का	PSP:का	28	lwg__psp
30	रूप	रूप	NN	38	k7
31	में	में	PSP:में	30	lwg__psp
32	बिगबैंग	बिगबैंग	NN	36	r6
33	के	का	PSP:का	32	lwg__psp
34	अवशेष	अवशेष	JJ	36	nmod__adj
35	पूरे	पूरा	JJ	36	nmod__adj
36	अंतरिक्ष	अंतरिक्ष	NN	38	k7p
37	में	में	PSP:में	36	lwg__psp
38	बिखरे	बिखर	VM	27	ccof
39	हुए	हो	VAUX	38	lwg__vaux
40	हैं	है	VAUX	38	lwg__vaux
41	.	.	.	38	rsym

1	बिगबैंग	बिगबैंग	NN	7	k7t
2	के	का	PSP:का	1	lwg__psp
3	साथ	साथ	NST	1	lwg__psp
4	ब्रह्मांड	ब्रह्मांड	NN	6	r6-k2
5	का	का	PSP:का	4	lwg__psp
6	जन्म	जन्म	NN	7	pof
7	हुआ	हो	VM	8	ccof
8	और	और	CC:और	0	main
9	अगले	अगला	NST	14	k7t
10	ही	ही	RP	9	lwg__rp
11	क्षण	क्षण	NN	14	k5
12	से	से	PSP:से	11	lwg__psp
13	ये	यह	PRP	14	k1
14	फैलने	फैल	VM	8	ccof
15	लगा	लगा	VAUX	14	lwg__vaux
16	.	.	.	14	rsym

1	यदि	यदि	CC:यदि	0	ROOT
2	अनादि	अनादि	JJ	3	k1s
3	है	है	VM	1	ccof
4	तो	तो	CC:तो	0	ROOT
5	बिगबैंग	बिगबैंग	NN	0	ROOT
6	क्यों	क्यों	WQ	0	ROOT
7	?	?	?	8	ccof
8	और	और	CC:और	6	ccof
9	बिगबैंग	बिगबैंग	NN	13	k7
10	के	का	PSP:का	9	lwg__psp
11	पहले	पहले	NST	9	lwg__psp
12	क्या	क्या	WQ	13	adv
13	था	था	VM	8	ccof
14	?	?	?	13	rsym
15	ये	यह	DEM	17	nmod__adj
16	इस	इस	DEM	17	nmod__adj
17	बात	बात	NN	20	r6
18	का	का	PSP:का	17	lwg__psp
19	सीधा	सीधा	JJ	20	nmod__adj
20	सबूत	सबूत	NN	21	k1
21	था	था	VM	8	ccof
22	कि	कि	CC:कि	21	k2
23	बिगबैंग	बिगबैंग	NN	25	r6
24	का	का	PSP:का	23	lwg__psp
25	सिद्धांत	सिद्धान्त	NN	27	k1
26	सही	सही	JJ	27	k1s
27	है	है	VM	28	ccof
28	और	और	CC:और	22	ccof
29	उत्पत्ति	उत्पत्ति	NN	36	k7p
30	के	का	PSP:का	29	lwg__psp
31	बाद	बाद	NST	29	lwg__psp
32	से	से	PSP:से	29	lwg__psp
33	ही	ही	RP	29	lwg__rp
34	ब्रह्मांड	ब्रह्मांड	NN	36	k1
35	लगातार	लगातार	RB	36	adv
36	फैल	फैल	VM	28	ccof
37	रहा	रह	VAUX	36	lwg__vaux
38	है	है	VAUX	36	lwg__vaux
39	.	.	.	36	rsym

1	कोबे	कोबे	RDP	2	mod
2	मिशन	मिशन	NN	14	k1
3	ने	ने	PSP:ने	2	lwg__psp
4	जब	जब	PRP	14	k7t
5	बिगबैंग	बिगबैंग	NN	11	r6
6	के	का	PSP:का	5	lwg__psp
7	आफ्टरग्लो	आफ्टरग्लो	XC	11	mod
8	यानि	यानि	XC	11	mod
9	कॉस्मिक	कॉस्मिक	XC	11	mod
10	माइक्रोवेव	माइक्रोवेव	XC	11	mod
11	बैकग्राउंड	बैकग्राउंड	NN	14	k2
12	को	को	PSP:को	11	lwg__psp
13	पकड़	पकड़	NN	14	pof
14	लिया	ले	VM	0	ROOT
15	तो	तो	CC:तो	0	ROOT
16	विज्ञान	विज्ञान	NN	18	r6
17	की	का	PSP:का	16	lwg__psp
18	दुनिया	दुनिया	NN	23	k7p
19	में	में	PSP:में	18	lwg__psp
20	सनसनी	सनसनी	NN	23	k1
21	सी	सी	RP	20	lwg__rp
22	दौड़	दौड़	NN	23	k2
23	गई	गई	VAUX	15	ccof
24	.	.	.	23	rsym

1	वैज्ञानिक	वैज्ञानिक	JJ	15	k1
2	,	,	,	1	rsym
3	इस	इस	DEM	4	nmod__adj
4	प्रयोग	प्रयोग	NN	6	r6
5	के	का	PSP:का	4	lwg__psp
6	ज़रिए	ज़रिए	NN	14	k2
7	खगोल	खगोल	JJ	8	nmod__adj
8	विज्ञान	विज्ञान	NN	12	r6
9	के	का	PSP:का	8	lwg__psp
10	उस	उस	DEM	12	nmod__adj
11	सर्वमान्य	सर्वमान्य	JJ	12	nmod__adj
12	सिद्धांत	सिद्धान्त	NN	14	k2
13	को	को	PSP:को	12	lwg__psp
14	समझना	समझ	VM	15	k2
15	चाहते	चाह	VAUX	0	main
16	हैं	है	VAUX	15	lwg__vaux
17	जिसके	जो	PRP	19	rh
18	तहत	तहत	NN	17	lwg__psp
19	बताया	बता	VM	0	ROOT
20	जाता	जा	VAUX	19	lwg__vaux
21	है	है	VAUX	19	lwg__vaux
22	कि	कि	CC:कि	19	k2
23	कणों	कण	NN	26	r6
24	के	का	PSP:का	23	lwg__psp
25	महा	महा	JJ	26	nmod__adj
26	विस्फोट	विस्फोट	NN	27	ccof
27	यानी	यानी	CC:यानी	34	k7p
28	बिगबैंग	बिगबैंग	NN	27	ccof
29	से	से	PSP:से	28	lwg__psp
30	ही	ही	RP	28	lwg__rp
31	ब्रह्मांड	ब्रह्मांड	NN	32	mod
32	अस्तित्व	अस्तित्व	NN	34	k7
33	में	में	PSP:में	32	lwg__psp
34	आया	आ	VM	22	ccof
35	था	था	VAUX	34	lwg__vaux
36	.	.	.	34	rsym

1	वैज्ञानिक	वैज्ञानिक	JJ	9	k1
2	उस	उस	DEM	4	nmod__adj
3	दुर्लभ	दुर्लभ	JJ	4	nmod__adj
4	कण	कण	NN	6	r6
5	की	का	PSP:का	4	lwg__psp
6	तलाश	तलाश	NN	8	pof
7	भी	भी	RP	6	lwg__rp
8	करना	कर	VM	9	k2
9	चाहते	चाह	VAUX	0	main
10	हैं	है	VAUX	9	lwg__vaux
11	जिसका	जो	PRP	12	r6
12	नाम	नाम	NN	15	rs
13	है	है	VM	12	lwg__vaux
14	हिग्स	हिग्स	XC	15	mod
15	बोसोन	बोसोन	NNP	25	k1
16	,	,	,	15	rsym
17	जिसके	जो	PRP	20	k2
18	अस्तित्व	अस्तित्व	NN	20	k2
19	को	को	PSP:को	18	lwg__psp
20	लेकर	ले	VM	25	vmod
21	भी	भी	RP	20	lwg__rp
22	अलग	अलग	JJ	24	nmod__adj
23	अलग	अलग	JJ	24	nmod__adj
24	राय	राय	NN	25	k1s
25	हैं	है	VM	0	ROOT
26	कि	कि	CC:कि	25	k2
27	वो	वो	PRP	28	k1
28	है	है	VM	30	ccof
29	भी	भी	RP	28	lwg__rp
30	या	या	CC:या	26	ccof
31	नहीं	नहीं	NEG	30	ccof
32	.	.	.	31	rsym

1	यानि	यानि	CC:यानि	0	ROOT
2	गुरुत्वाकर्षण	गुरुत्वाकर्षण	NN	3	mod
3	बल	बल	NN	7	r6
4	की	का	PSP:का	3	lwg__psp
5	उस	उस	DEM	7	nmod__adj
6	उच्चतम	उच्चतम	JJ	7	nmod__adj
7	स्थिति	स्थिति	NN	11	k1
8	को	को	PSP:को	7	lwg__psp
9	ही	ही	RP	7	lwg__rp
10	सिंगुलैरिटी	सिंगुलैरिटी	NN	11	k2
11	कहते	कह	VM	0	ROOT
12	हैं	है	VAUX	11	lwg__vaux
13	,	,	,	11	rsym
14	जब	जब	PRP	19	k7t
15	बिगबैंग	बिगबैंग	NN	17	r6
16	की	का	PSP:का	15	lwg__psp
17	घटना	घटना	NN	19	k7t
18	सामने	सामना	NST	17	lwg__psp
19	आती	आ	VM	0	ROOT
20	है	है	VAUX	19	lwg__vaux
21	.	.	.	19	rsym

1	पिछले	पिछला	JJ	2	nmod__adj
2	दिनों	दिन	NN	0	ROOT
3	जिनेवा	जिनेवा	NN	0	ROOT
4	में	में	PSP:में	3	lwg__psp
5	बिगबैंग	बिगबैंग	NN	6	mod
6	महाप्रयोग	महाप्रयोग	NN	8	k2
7	को	को	PSP:को	6	lwg__psp
8	लेकर	ले	VM	0	ROOT
9	भारत	भारत	NNP	12	r6
10	के	का	PSP:का	9	lwg__psp
11	अनेक	अनेक	QF	12	nmod__adj
12	चैनलों	चैनलों	NN	0	ROOT
13	में	में	PSP:में	12	lwg__psp
14	महाप्रलय	महाप्रलय	NN	15	ccof
15	और	और	CC:और	0	ROOT
16	महाविनाश	महाविनाश	NN	15	ccof
17	आने	आ	VM	19	r6
18	की	का	PSP:का	17	lwg__psp
19	अफवाहों	अफवाह	NN	21	k2
20	को	को	PSP:को	19	lwg__psp
21	फैलाया	फैला	VM	15	ccof
22	.	.	.	21	rsym

1	एवं	एवं	CC:एवं	0	main
2	e-	e-	NN	1	ccof
3	magazine	magazine	JJ	4	nmod__adj
4	…	…	NN	7	nmod
5	kalkion	kalkion	JJ	6	mod
6	Hindi	Hindi	NN	7	ccof
7	तथा	तथा	CC:तथा	2	ccof
8	पुस्तकीय	पुस्तकीय	JJ	9	nmod__adj
9	रूप	रूप	NN	7	ccof
10	में	में	PSP:में	9	lwg__psp
11	मेरे	मेरे	PRP	26	k1
12	महाकाव्य	महाकाव्य	JJ	26	vmod
13	“	“	NN	17	mod
14	सृष्टि	सृष्टि	NN	17	mod
15	-	-	-	17	rsym
16	ईशत	ईशत	NN	17	mod
17	इच्छा	इच्छा	NN	18	ccof
18	या	या	CC:या	26	jk1
19	बिगबैंग	बिगबैंग	NN	24	mod
20	-	-	-	24	rsym
21	एक	एक	QC	24	nmod__adj
22	अनुत्तरित	अनुत्तरित	JJ	24	nmod__adj
23	उत्तर	उत्तर	XC	24	mod
24	”	”	NNP	18	ccof
25	पर	पर	PSP:पर	24	lwg__psp
26	पढा	पढा	VM	7	ccof
27	जा	जा	VAUX	26	lwg__vaux
28	सकता	सक	VAUX	26	lwg__vaux
29	है	है	VAUX	26	lwg__vaux
30	|	|	|	26	rsym
31	)	)	)	33	mod
32	-	-	-	33	rsym
33	लेकिन	लेकिन	CC:लेकिन	30	ccof
34	ये	यह	PRP	36	k1
35	नहीं	नहीं	NEG	36	lwg__neg
36	बताती	बता	VM	33	ccof
37	कि	कि	CC:कि	36	k2
38	ब्रह्मांड	ब्रह्मांड	NN	39	mod
39	बिगबैंग	बिगबैंग	NN	43	k5
40	से	से	PSP:से	39	lwg__psp
41	उत्पन्न	उत्पन्न	JJ	43	pof
42	कैसे	कैसे	WQ	43	adv
43	हुआ	हो	VM	37	ccof
44	?	?	?	43	rsym
45	इसलिए	इसलिये	PSP:इसलिये	43	rh
46	जनरल	जनरल	XC	47	mod
47	रिलेटिविटी	रिलेटिविटी	NNP	59	k1
48	अपने	अपना	PRP	49	mod
49	आप	आप	PRP	59	k7
50	में	में	PSP:में	49	lwg__psp
51	कॉस्मोलॉजी	कॉस्मोलॉजी	NN	55	r6
52	के	का	PSP:का	51	lwg__psp
53	इस	इस	DEM	55	nmod__adj
54	केंद्रीय	केंद्रीय	XC	55	mod
55	सवाल	सवाल	NN	57	r6
56	का	का	PSP:का	55	lwg__psp
57	जवाब	जवाब	NN	59	pof
58	नहीं	नहीं	NEG	59	lwg__neg
59	दे	दे	VM	45	ccof
60	सकती	सक	VAUX	59	lwg__vaux
61	कि	कि	CC:कि	59	k2
62	ब्रह्मांड	ब्रह्मांड	NN	64	k1
63	जैसा	जैसा	PSP:जैसा	62	lwg__psp
64	दिखता	दिख	VM	61	ccof
65	है	है	VAUX	64	lwg__vaux
66	,	,	,	64	rsym
67	वैसा	वैसा	PRP	69	k4a
68	क्यों	क्यों	WQ	69	adv
69	है	है	VM	64	vmod
70	?	?	?	69	rsym
71	सृष्टि	सृष्टि	NN	73	r6
72	की	का	PSP:का	71	lwg__psp
73	शुरुआत	शुरुआत	NN	79	k1
74	भी	भी	RP	73	lwg__rp
75	ऐसे	ऐसे	PRP	79	k7t
76	ही	ही	RP	75	lwg__rp
77	महाविस्फोट	महाविस्फोट	NN	79	ras-k1
78	से	से	PSP:से	77	lwg__psp
79	हुई	हो	VM	70	ccof
80	थी	था	VAUX	79	lwg__vaux
81	,	,	,	79	rsym
82	जिसे	जो	PRP	87	k1
83	बिगबैंग	बिगबैंग	NN	85	r6
84	के	का	PSP:का	83	lwg__psp
85	नाम	नाम	NN	87	k5
86	से	से	PSP:से	85	lwg__psp
87	जाना	जान	VM	79	vmod
88	जाता	जा	VAUX	87	lwg__vaux
89	है	है	VAUX	87	lwg__vaux
90	.	.	.	87	rsym

1	लेकिन	लेकिन	CC:लेकिन	0	ROOT
2	अगरउसके	अगरउसके	PRP	8	k7t
3	भी	भी	RP	2	lwg__rp
4	नीचे	नीचा	NST	2	lwg__psp
5	कोई	कोई	PRP	7	nmod__adj
6	दूसरा	दूसरा	QO	7	nmod__adj
7	कण	कण	NN	8	k1
8	है	है	VM	1	ccof
9	तो	तो	CC:तो	0	ROOT
10	उसे	उसे	PRP	13	k2
11	एक्सपेरिमेंट	एक्सपेरिमेंट	NN	13	adv
12	से	से	PSP:से	11	lwg__psp
13	जानने	जान	VM	19	rt
14	के	का	PSP:का	13	lwg__psp
15	लिए	ले	PSP:ले	13	lwg__psp
16	हमें	हमें	PRP	19	k4a
17	इतनी	इतनी	QF	18	nmod__adj
18	एनर्जी	एनर्जी	NN	19	k1
19	चाहिए	चाह	VM	9	ccof
20	कि	कि	CC:कि	19	k2
21	ठीक	ठीक	JJ	23	nmod__adj
22	बिगबैंगजैसे	बिगबैंगजैसे	JJ	23	nmod__adj
23	हालात	हालात	NN	24	k2
24	बनाने	बना	VM	20	ccof
25	होंगे	हो	VAUX	24	lwg__vaux
26	.	.	.	24	rsym

1	हमारी	हमारी	PRP	2	r6
2	पृथ्वी	पृथ्वी	NN	9	k1u
3	भी	भी	RP	2	lwg__rp
4	एक	एक	QC	7	nmod__adj
5	महाविस्फ़ोट	महाविस्फ़ोट	NN	7	mod
6	-	-	-	7	rsym
7	बिगबैंग	बिगबैंग	NN	9	k5
8	से	से	PSP:से	7	lwg__psp
9	हुए	हो	VM	10	nmod__k1inv
10	विभाजन	विभाजन	NN	12	rh
11	से	से	PSP:से	10	lwg__psp
12	बनी	बन	VM	0	main
13	है	है	VAUX	12	lwg__vaux
14	.	.	.	12	rsym

1	बिगबैंग	बिगबैंग	NN	2	mod
2	सिद्धांत	सिद्धान्त	NN	5	r6
3	का	का	PSP:का	2	lwg__psp
4	ग्राफ़िक	ग्राफ़िक	JJ	5	nmod__adj
5	अंकन	अंकन	NN	17	k1
6	ब्रह्मांड	ब्रह्मांड	NN	8	r6
7	के	का	PSP:का	6	lwg__psp
8	निर्माण	निर्माण	NN	11	r6
9	की	का	PSP:का	8	lwg__psp
10	एक	एक	QC	11	nmod__adj
11	थ्योरी	थ्योरी	NN	17	k1
12	बिगबैंग	बिगबैंग	NN	13	ccof
13	यानी	यानी	CC:यानी	11	rs
14	महाविस्फोट	महाविस्फोट	NN	13	ccof
15	की	का	PSP:का	14	lwg__psp
16	भी	भी	RP	14	lwg__rp
17	है	है	VM	0	main
18	.	.	.	17	rsym

1	वह	वह	PRP	2	k1
2	लिखता	लिख	VM	0	main
3	है	है	VAUX	2	lwg__vaux
4	कि	कि	CC:कि	2	k2
5	सृष्टि	सृष्टि	NN	6	ccof
6	और	और	CC:और	24	ccof
7	समय	समय	NN	23	k7t
8	एक	एक	QC	23	k7t
9	साथ	साथ	NST	8	lwg__psp
10	प्रारंभ	प्रारंभ	NN	13	mod
11	हुएजब	हुएजब	NN	13	mod
12	ब्रह्माण्डोत्पत	ब्रह्माण्डोत्पत	JJ	13	nmod__adj
13	ि	ि	NN	16	r6
14	की	का	PSP:का	13	lwg__psp
15	कारणीभूत	कारणीभूत	JJ	16	nmod__adj
16	घटना	घटना	NN	23	k1
17	आदिद्रव्य	आदिद्रव्य	NN	23	k7p
18	में	में	PSP:में	17	lwg__psp
19	बिगबैंग	बिगबैंग	NN	21	nmod__adj
20	(	(	(	21	rsym
21	महाविस्फोट	महाविस्फोट	NN	23	k1
22	)	)	)	21	rsym
23	हुआ	हो	VM	6	ccof
24	और	और	CC:और	4	ccof
25	इस	इस	DEM	26	nmod__adj
26	विस्फोट	विस्फोट	NN	37	k7
27	के	का	PSP:का	26	lwg__psp
28	साथ	साथ	NST	26	lwg__psp
29	ही	ही	RP	26	lwg__rp
30	अव्यक्त	अव्यक्त	JJ	31	nmod__adj
31	अवस्था	अवस्था	NN	37	k5
32	से	से	PSP:से	31	lwg__psp
33	ब्रह्माण्ड	ब्रह्मांड	NN	35	mod
34	व्यक्त	व्यक्त	JJ	35	nmod__adj
35	अवस्था	अवस्था	NN	37	k7
36	में	में	PSP:में	35	lwg__psp
37	आने	आ	VM	24	ccof
38	लगा	लगा	VAUX	37	lwg__vaux
39	.	.	.	37	rsym

1	इसके	इसके	PRP	8	vmod
2	अनुसार	अनुसार	PSP:?	1	lwg__psp
3	आदिद्रव्य	आदिद्रव्य	NN	8	k7p
4	में	में	PSP:में	3	lwg__psp
5	बिगबैंग	बिगबैंग	NN	8	k1
6	अर्थात	अर्थात	CC:अर्थात	8	adv
7	महाविस्फोट	महाविस्फोट	NN	8	pof
8	हुआ	हो	VM	9	ccof
9	और	और	CC:और	0	main
10	इसके	इसके	PRP	20	k7
11	साथ	साथ	NST	10	lwg__psp
12	ही	ही	RP	10	lwg__rp
13	ब्रह्मांड	ब्रह्मांड	NN	15	mod
14	अव्यक्त	अव्यक्त	JJ	15	nmod__adj
15	अवस्था	अवस्था	NN	20	k5
16	से	से	PSP:से	15	lwg__psp
17	व्यक्त	व्यक्त	JJ	18	nmod__adj
18	अवस्था	अवस्था	NN	20	k7
19	में	में	PSP:में	18	lwg__psp
20	आने	आ	VM	9	ccof
21	लगा	लगा	VAUX	20	lwg__vaux
22	.	.	.	20	rsym

1	साइंटिस्टों	साइंटिस्टों	NN	3	r6
2	का	का	PSP:का	1	lwg__psp
3	मत	मत	NEG	0	main
4	है	है	VM	3	lwg__vaux
5	कि	कि	CC:कि	3	k2
6	चूंकि	चूंकि	CC:चूंकि	21	rs
7	सृष्टि	सृष्टि	NN	19	k1
8	एक	एक	QC	19	sent-adv
9	ही	ही	RP	8	lwg__rp
10	बिंदु	बिंदु	NN	19	k7p
11	पर	पर	PSP:पर	10	lwg__psp
12	हुए	हो	VM	13	nmod__k1inv
13	विस्फोट	विस्फोट	NN	19	rh
14	(	(	(	15	rsym
15	बिगबैंग	बिगबैंग	NN	13	nmod
16	)	)	)	15	rsym
17	से	से	PSP:से	13	lwg__psp
18	पैदा	पैदा	JJ	19	pof
19	हुई	हो	VM	6	ccof
20	,	,	,	19	rsym
21	इसलिए	इसलिये	CC:इसलिये	29	rh
22	ये	यह	DEM	24	nmod__adj
23	चारों	चार	QC	24	nmod__adj
24	ताकतें	ताकत	NN	29	k1
25	कभी	कभी	RB	29	k7t
26	एक	एक	QC	27	nmod__adj
27	स्थान	स्थान	NN	29	k7
28	पर	पर	PSP:पर	27	lwg__psp
29	रही	रह	VM	32	ccof
30	होंगी	हो	VAUX	29	lwg__vaux
31	,	,	,	29	rsym
32	या	या	CC:या	5	ccof
33	फिर	फिर	RB	43	adv
34	ये	यह	DEM	36	nmod__adj
35	चारों	चार	QC	36	nmod__adj
36	शक्तियां	शक्तियां	NN	43	k1
37	एक	एक	QC	43	k1
38	ही	ही	RP	37	lwg__rp
39	ताकत	ताकत	NN	42	r6
40	का	का	PSP:का	39	lwg__psp
41	अलग-अलग	अलग-अलग	JJ	42	nmod__adj
42	चेहरा	चेहरा	NN	43	k1
43	हो	हो	VM	32	ccof
44	सकती	सक	VAUX	43	lwg__vaux
45	हैं	है	VAUX	43	lwg__vaux
46	.	.	.	43	rsym

1	हमारी	हमारी	PRP	4	r6
2	संपूर्ण	संपूर्ण	JJ	4	nmod__adj
3	मानव	मानव	XC	4	mod
4	जाति	जाति	NN	5	ccof
5	और	और	CC:और	0	main
6	जीवन	जीवन	NN	5	ccof
7	के	का	PSP:का	6	lwg__psp
8	ये	यह	DEM	10	nmod__adj
9	विभिन्न	विभिन्न	JJ	10	nmod__adj
10	स्वरूप	स्वरूप	NN	24	k1
11	सब	सब	PRP	14	r6
12	के	का	PSP:का	11	lwg__psp
13	सब	सब	QF	14	nmod__adj
14	बिगबैंग	बिगबैंग	NN	24	k7t
15	के	का	PSP:का	14	lwg__psp
16	बाद	बाद	NST	14	lwg__psp
17	ब्रह्मांड	ब्रह्मांड	NN	24	r6
18	की	का	PSP:का	17	lwg__psp
19	उसी	उसी	PRP	24	k1
20	आदि	आदि	RP	19	lwg__rp
21	हलचल	हलचल	NN	24	k7p
22	की	का	PSP:का	21	lwg__psp
23	ही	ही	RP	21	lwg__rp
24	देन	देन	VM	5	ccof
25	हैं	है	VAUX	24	lwg__vaux
26	.	.	.	24	rsym

1	उनका	उनका	PRP	2	r6
2	तर्क	तर्क	NN	3	k1
3	है	है	VM	0	main
4	कि	कि	CC:कि	3	k1s
5	‘	‘	JJ	6	nmod__adj
6	बिगबैंग	बिगबैंग	NN	4	ccof
7	'	'	'	6	rsym
8	(	(	(	6	fragof
9	जिसके	जो	PRP	15	k7t
10	साथ	साथ	NST	9	lwg__psp
11	इस	इस	DEM	12	nmod__adj
12	ब्रह्मांड	ब्रह्मांड	NN	15	r6
13	का	का	PSP:का	12	lwg__psp
14	जन्म	जन्म	NN	15	pof
15	हुआ	हो	VM	23	rh
16	)	)	)	15	rsym
17	इन	इन	DEM	19	nmod__adj
18	प्राकृतिक	प्राकृतिक	JJ	19	nmod__adj
19	नियमों	नियम	NN	23	k7
20	के	का	PSP:का	19	lwg__psp
21	अनुसार	अनुसार	PSP:?	19	lwg__psp
22	अपरिहार्य	अपरिहार्य	NN	23	k1s
23	था	था	VM	6	fragof
24	,	,	,	23	rsym
25	क्योंकि	क्योंकि	CC:क्योंकि	6	rh
26	गुरुत्व	गुरुत्व	NN	32	r6
27	(	(	(	28	rsym
28	ग्रेविटी	ग्रेविटी	NNP	26	nmod
29	)	)	)	28	rsym
30	के	का	PSP:का	26	lwg__psp
31	ऐसे	ऐसे	DEM	32	nmod__adj
32	नियम	नियम	NN	33	k1
33	हैं	है	VM	45	ccof
34	,	,	,	33	rsym
35	जिनके	जो	PRP	42	vmod
36	अनुसार	अनुसार	PSP:?	35	lwg__psp
37	शून्य	शून्य	NN	42	k5
38	से	से	PSP:से	37	lwg__psp
39	सृष्टि	सृष्टि	NN	41	r6-k1
40	का	का	PSP:का	39	lwg__psp
41	जन्म	जन्म	NN	42	pof
42	हो	हो	VM	45	ccof
43	सकता	सक	VAUX	42	lwg__vaux
44	है	है	VAUX	42	lwg__vaux
45	और	और	CC:और	25	ccof
46	पुनः	पुनः	RB	51	adv
47	वह	वह	PRP	51	k1
48	शून्य	शून्य	NN	51	k7p
49	में	में	PSP:में	48	lwg__psp
50	समाप्त	समाप्त	JJ	51	pof
51	हो	हो	VM	45	ccof
52	सकती	सक	VAUX	51	lwg__vaux
53	है	है	VAUX	51	lwg__vaux
54	.	.	.	51	rsym

1	जैसा	जैसा	RDP	5	mod
2	सृष्टि	सृष्टि	NN	4	r6
3	का	का	PSP:का	2	lwg__psp
4	नियम	नियम	NN	5	k1s
5	है	है	VM	11	vmod
6	पहले	पहले	NST	11	k7t
7	सारे	सारा	QF	8	nmod__adj
8	दल	दल	NN	11	k1
9	कॉंग्रेस	कॉंग्रेस	NN	11	k7
10	में	में	PSP:में	9	lwg__psp
11	मिल	मिल	VM	23	vmod
12	जायेंगे	जा	VAUX	11	lwg__vaux
13	फिर	फिर	RB	17	adv
14	कुछ	कुछ	QF	15	nmod__adj
15	दिन	दिन	NN	17	k7t
16	साथ	साथ	NST	15	lwg__psp
17	रह	रह	VM	23	vmod
18	कर	कर	VAUX	17	lwg__vaux
19	अंदर	अंदर	NST	23	k7t
20	अंदर	अंदर	NST	19	lwg__psp
21	मार	मार	JJ	22	nmod__adj
22	कुटाई	कुटाई	NN	23	pof
23	करेंगे	कर	VM	0	ROOT
24	,	,	,	23	rsym
25	फिर	फिर	RB	28	adv
26	एक	एक	QC	27	nmod__adj
27	बिगबैंग	बिगबैंग	NN	28	k1
28	होगा	हो	VM	0	ROOT
29	.	.	.	28	rsym

1	1990	1990	QC	24	k7p
2	में	में	PSP:में	1	lwg__psp
3	सामान्य	सामान्य	JJ	4	nmod__adj
4	ग्राउंड	ग्राउंड	NN	24	k1
5	बेस्ड	बेस्ड	JJ	6	nmod__adj
6	ऑब्जरवेटरी	ऑब्जरवेटरी	NN	8	r6
7	के	का	PSP:का	6	lwg__psp
8	टेलिस्कोप	टेलिस्कोप	NN	10	r6
9	की	का	PSP:का	8	lwg__psp
10	मदद	मदद	NN	24	k3
11	से	से	PSP:से	10	lwg__psp
12	हमने	हमने	PRP	24	k1
13	बिगबैंग	बिगबैंग	NN	17	r6
14	के	का	PSP:का	13	lwg__psp
15	6	6	QC	17	nmod__adj
16	अरब	अरब	XC	17	nmod__adj
17	साल	साल	NN	21	r6
18	बाद	बाद	NST	17	lwg__psp
19	तक	तक	RP	17	lwg__rp
20	के	का	PSP:का	17	lwg__psp
21	आसमान	आसमान	NN	23	r6
22	की	का	PSP:का	21	lwg__psp
23	झलक	झलक	NN	24	k2
24	देखी	देख	VM	0	main
25	.	.	.	24	rsym

1	इस	इस	DEM	3	nmod__adj
2	जबरदस्त	जबरदस्त	JJ	3	nmod__adj
3	टक्कर	टक्कर	NN	0	ROOT
4	से	से	PSP:से	3	lwg__psp
5	बिगबैंग	बिगबैंग	NN	0	ROOT
6	यानि	यानि	CC:यानि	0	ROOT
7	सृष्टि	सृष्टि	NN	9	k2
8	को	को	PSP:को	7	lwg__psp
9	रचने	रच	VM	11	nmod__k1inv
10	वाले	वाला	PSP:वाला	9	lwg__psp
11	ऊर्जा	ऊर्जा	NN	13	r6
12	के	का	PSP:का	11	lwg__psp
13	महाविस्फोट	महाविस्फोट	NN	16	k1
14	ने	ने	PSP:ने	13	lwg__psp
15	जन्म	जन्म	NN	16	pof
16	लिया	ले	VM	17	ccof
17	और	और	CC:और	0	ROOT
18	इस	इस	DEM	20	nmod__adj
19	जबरदस्त	जबरदस्त	JJ	20	nmod__adj
20	ऊर्जा	ऊर्जा	NN	0	ROOT
21	से	से	PSP:से	20	lwg__psp
22	मैटर	मैटर	NN	23	ccof
23	और	और	CC:और	0	ROOT
24	एंटीमैटर	एंटीमैटर	NN	23	ccof
25	के	का	PSP:का	24	lwg__psp
26	शुरुआती	शुरुआती	NN	31	mod
27	कण	कण	XC	31	mod
28	लॉर्ज	लॉर्ज	XC	31	mod
29	हैड्रान	हैड्रान	XC	31	mod
30	कोलाइडर	कोलाइडर	NNP	31	mod
31	मशीन	मशीन	NN	37	k7p
32	में	में	PSP:में	31	lwg__psp
33	अगले	अगला	JJ	37	k1
34	ही	ही	RP	33	lwg__rp
35	पल	पल	NN	37	k1
36	पैदा	पैदा	JJ	37	pof
37	हो	हो	VM	23	ccof
38	गए	गए	VAUX	37	lwg__vaux
39	.	.	.	37	rsym

1	इस	इस	DEM	2	nmod__adj
2	बिगबैंग	बिगबैंग	NN	12	k1
3	प्रयोग	प्रयोग	NN	12	k7
4	के	का	PSP:का	3	lwg__psp
5	लि	लि	PSP:लि	3	lwg__psp
6	ए.	ए.	JJ	7	nmod__adj
7	..	..	NN	12	k1
8	इन	इन	DEM	9	nmod__adj
9	नतीजों	नतीजा	NN	12	k5
10	से	से	PSP:से	9	lwg__psp
11	हम	हम	PRP	12	k1
12	जान	जान	VM	0	main
13	सके	सक	VAUX	12	lwg__vaux
14	कि	कि	CC:कि	12	k2
15	सीएमबी	सीएमबी	NN	17	r6
16	के	का	PSP:का	15	lwg__psp
17	रूप	रूप	NN	25	k7
18	में	में	PSP:में	17	lwg__psp
19	बिगबैंग	बिगबैंग	NN	23	r6
20	के	का	PSP:का	19	lwg__psp
21	अवशेष	अवशेष	JJ	23	nmod__adj
22	पूरे	पूरा	JJ	23	nmod__adj
23	अंतरिक्ष	अंतरिक्ष	NN	25	k7p
24	में	में	PSP:में	23	lwg__psp
25	बिखरे	बिखर	VM	14	ccof
26	हुए	हो	VAUX	25	lwg__vaux
27	हैं	है	VAUX	25	lwg__vaux
28	.	.	.	25	rsym

1	लेकिन	लेकिन	CC:लेकिन	0	main
2	ये	यह	PRP	4	k1
3	नहीं	नहीं	NEG	4	lwg__neg
4	बताती	बता	VM	1	ccof
5	कि	कि	CC:कि	4	k2
6	ब्रह्मांड	ब्रह्मांड	NN	7	mod
7	बिगबैंग	बिगबैंग	NN	11	k5
8	से	से	PSP:से	7	lwg__psp
9	उत्पन्न	उत्पन्न	JJ	11	pof
10	कैसे	कैसे	WQ	11	adv
11	हुआ	हो	VM	26	vmod
12	?	?	?	11	rsym
13	(	(	(	14	rsym
14	विज्ञान	विज्ञान	NN	11	nmod
15	के	का	PSP:का	11	lwg__psp
16	अनुसार	अनुसार	PSP:?	11	lwg__psp
17	-	-	-	20	rsym
18	समस्त	समस्त	JJ	20	nmod__adj
19	सौरमंडल	सौरमंडल	NN	20	mod
20	महा-नेब्यूला	महा-नेब्यूला	NN	22	r6
21	के	का	PSP:का	20	lwg__psp
22	बिगबैंग	बिगबैंग	NN	24	k1
23	द्वारा	द्वारा	PSP:द्वारा	22	lwg__psp
24	बिखरने	बिखर	VM	26	vmod
25	से	से	PSP:से	24	lwg__psp
26	बना	बना	VM	5	ccof
27	है	है	VAUX	26	lwg__vaux
28	|	|	|	26	vmod
29	)	)	)	28	ccof
30	वैदिक	वैदिक	JJ	33	mod
31	विज्ञान	विज्ञान	NN	33	mod
32	-	-	-	33	rsym
33	‘	‘	VM	44	vmod
34	एकोहम्	एकोहम्	VAUX	36	mod
35	बहुस्यामि	बहुस्यामि	NN	36	mod
36	‘	‘	NN	44	k7
37	का	का	PSP:का	36	lwg__psp
38	भी	भी	RP	36	lwg__rp
39	यही	यही	DEM	41	nmod__adj
40	साकार	साकार	JJ	41	nmod__adj
41	रूप	रूप	NN	42	ccof
42	और	और	CC:और	44	k7
43	प्रमाण	प्रमाण	NN	42	ccof
44	है	है	VM	29	ccof
45	.	.	.	44	rsym

1	संपादक	संपादक	NN	3	mod
2	-	-	-	3	rsym
3	ब्रह्मांड	ब्रह्मांड	NN	5	r6
4	की	का	PSP:का	3	lwg__psp
5	उत्पत्ति	उत्पत्ति	NN	0	main
6	यानि	यानि	CC:यानि	5	rsym
7	बिगबैंग	बिगबैंग	NN	9	r6
8	की	का	PSP:का	7	lwg__psp
9	घटना	घटना	NN	11	r6
10	के	का	PSP:का	9	lwg__psp
11	अवशेष	अवशेष	NN	6	ccof
12	,	,	,	11	rsym
13	माइक्रोवेव	माइक्रोवेव	XC	14	mod
14	रेडिएशन	रेडिएशन	NN	16	r6
15	के	का	PSP:का	14	lwg__psp
16	रूप	रूप	NN	23	k7
17	में	में	PSP:में	16	lwg__psp
18	अब	अब	PRP	23	k7t
19	भी	भी	RP	18	lwg__rp
20	अंतरिक्ष	अंतरिक्ष	NN	23	k7p
21	में	में	PSP:में	20	lwg__psp
22	मौजूद	मौजूद	JJ	23	pof
23	हैं	है	VM	11	ccof
24	,	,	,	23	rsym
25	बिगबैंग	बिगबैंग	NN	28	r6
26	के	का	PSP:का	25	lwg__psp
27	इन	इन	DEM	28	nmod__adj
28	अवशेषों	अवशेष	NN	36	k1
29	को	को	PSP:को	28	lwg__psp
30	ही	ही	RP	28	lwg__rp
31	कॉस्मिक	कॉस्मिक	JJ	33	nmod__adj
32	माइक्रोवेव	माइक्रोवेव	XC	33	mod
33	बैकग्राउंड	बैकग्राउंड	NN	34	ccof
34	या	या	CC:या	36	k2
35	सीएमबी	सीएमबी	NN	34	ccof
36	कहते	कह	VM	23	vmod
37	हैं	है	VAUX	36	lwg__vaux
38	.	.	.	36	rsym

1	दुनिया	दुनिया	NN	3	r6
2	की	का	PSP:का	1	lwg__psp
3	उत्पत्ति	उत्पत्ति	NN	5	r6
4	का	का	PSP:का	3	lwg__psp
5	राज	राज	NN	6	k2
6	जानने	जान	VM	8	k2
7	को	को	PSP:को	6	lwg__psp
8	कराए	करा	VM	21	vmod
9	गए	गए	VAUX	8	lwg__vaux
10	'	'	'	12	rsym
11	बिगबैंग	बिगबैंग	NN	12	mod
12	परीक्षण	परीक्षण	NN	21	k7
13	'	'	'	12	rsym
14	में	में	PSP:में	12	lwg__psp
15	भी	भी	RP	12	lwg__rp
16	भारतीय	भारतीय	JJ	17	nmod__adj
17	र्वैज्ञानिकों	र्वैज्ञानिकों	NN	20	r6
18	का	का	PSP:का	17	lwg__psp
19	अहम	अहम	JJ	20	nmod__adj
20	योगदान	योगदान	NN	21	k1
21	रहा	रह	VM	0	main
22	.	.	.	21	rsym

1	बिगबैंग	बिगबैंग	NN	3	r6
2	की	का	PSP:का	1	lwg__psp
3	घटना	घटना	NN	11	k1
4	करीब	करीब	RB	6	lwg__rp
5	13	13	QC	6	nmod__adj
6	अरब	अरब	NN	11	k1
7	80	80	QC	9	nmod__adj
8	करोड़	करोड़	XC	9	mod
9	साल	साल	NN	11	k7t
10	पहले	पहले	NST	9	lwg__psp
11	घटी	घट	VM	13	ccof
12	थी	था	VAUX	11	lwg__vaux
13	और	और	CC:और	0	ROOT
14	अब	अब	PRP	0	ROOT
15	अगर	अगर	CC:अगर	0	ROOT
16	हम	हम	PRP	24	k1
17	इस	इस	DEM	18	nmod__adj
18	घटना	घटना	NN	20	r6
19	के	का	PSP:का	18	lwg__psp
20	समय	समय	NN	24	k7t
21	को	को	PSP:को	20	lwg__psp
22	एक	एक	QC	23	nmod__adj
23	पैमाना	पैमाना	NN	24	k2
24	मानें	मान	VM	15	ccof
25	तो	तो	CC:तो	0	ROOT
26	हमारी	हमारी	PRP	27	r6
27	दुनिया	दुनिया	NN	28	ccof
28	और	और	CC:और	43	k7
29	मिल्की-वे	मिल्की-वे	NN	28	ccof
30	में	में	PSP:में	29	lwg__psp
31	हमारे	हमारे	PRP	32	r6
32	हिस्से	हिस्सा	NN	35	r6
33	का	का	PSP:का	32	lwg__psp
34	आसमान	आसमान	NN	35	mod
35	बिगबैंग	बिगबैंग	NN	39	r6
36	के	का	PSP:का	35	lwg__psp
37	13.80	13.80	QC	39	nmod__adj
38	अरब	अरब	XC	39	mod
39	साल	साल	NN	42	r6
40	बाद	बाद	NST	39	lwg__psp
41	की	का	PSP:का	39	lwg__psp
42	सृष्टि	सृष्टि	NN	43	pof
43	है	है	VM	25	ccof
44	.	.	.	43	rsym

1	जनरल	जनरल	XC	2	mod
2	रिलेटिविटी	रिलेटिविटी	NNP	4	k1
3	तो	तो	RP	2	lwg__rp
4	कहती	कह	VM	0	main
5	है	है	VAUX	4	lwg__vaux
6	कि	कि	CC:कि	4	k2
7	ब्रह्मांड	ब्रह्मांड	NN	8	ccof
8	और	और	CC:और	16	k1
9	खुद	खुद	PRP	16	k1
10	समय	समय	NN	12	r6
11	की	का	PSP:का	10	lwg__psp
12	शुरुआत	शुरुआत	NN	16	k1
13	भी	भी	RP	12	lwg__rp
14	बिगबैंग	बिगबैंग	NN	16	k7p
15	में	में	PSP:में	14	lwg__psp
16	हुई	हो	VM	6	ccof
17	थी	था	VAUX	16	lwg__vaux
18	.	.	.	16	rsym

1	बिगबैंग	बिगबैंग	NN	10	k1
2	पार्ट-	पार्ट-	NN	5	mod
3	1	1	QC	5	r6
4	की	का	PSP:का	3	lwg__psp
5	घटना	घटना	NN	10	k1
6	13.7	13.7	QC	8	nmod__adj
7	खरब	खरब	JJ	8	nmod__adj
8	साल	साल	NN	10	k7t
9	पहले	पहले	NST	8	lwg__psp
10	हुई	हो	VM	0	main
11	थी	था	VAUX	10	lwg__vaux
12	.	.	.	10	rsym

1	बिगबैंग	बिगबैंग	NN	3	r6
2	की	का	PSP:का	1	lwg__psp
3	गुत्थी	गुत्थी	NN	4	k2
4	सुलझाने	सुलझा	VM	23	rt
5	के	का	PSP:का	4	lwg__psp
6	लिए	ले	PSP:ले	4	lwg__psp
7	बुधवार	बुधवार	NN	23	k7t
8	को	को	PSP:को	7	lwg__psp
9	विश्व	विश्व	NN	13	r6
10	के	का	PSP:का	9	lwg__psp
11	सबसे	सबसे	INTF	13	jjmod__intf
12	बड़े	बड़े	NNP	13	nmod__adj
13	प्रयोग	प्रयोग	NN	23	rh
14	के	का	PSP:का	13	lwg__psp
15	कारण	कारण	NN	13	lwg__psp
16	यहां	यहाँ	PRP	18	r6
17	के	का	PSP:का	16	lwg__psp
18	लोगों	लोग	NN	23	k7
19	में	में	PSP:में	18	lwg__psp
20	उस	उस	DEM	21	nmod__adj
21	समय	समय	NN	23	k7t
22	दहशत	दहशत	NN	23	k1
23	फैल	फैल	VM	0	main
24	गई	गई	VAUX	23	lwg__vaux
25	,	,	,	23	rsym
26	जब	जब	PRP	33	k7t
27	सूर्य	सूर्य	NN	29	r6
28	के	का	PSP:का	27	lwg__psp
29	चारों	चार	QC	33	k7t
30	ओर	ओर	NST	29	lwg__psp
31	एक	एक	QC	32	nmod__adj
32	वलय	वलय	NN	33	k2
33	बन	बन	VM	0	ROOT
34	गया	गया	VAUX	33	lwg__vaux
35	.	.	.	33	rsym

1	और	और	CC:और	0	main
2	इसी	इसी	PRP	6	k7t
3	के	का	PSP:का	2	lwg__psp
4	साथ	साथ	NST	2	lwg__psp
5	साबित	साबित	JJ	6	pof
6	हो	हो	VM	1	ccof
7	गया	गया	VAUX	6	lwg__vaux
8	कि	कि	CC:कि	6	k2
9	बिगबैंग	बिगबैंग	NN	12	k1
10	सिद्धांत	सिद्धान्त	NN	12	k1
11	सही	सही	JJ	12	k1s
12	है	है	VM	8	ccof
13	.	.	.	12	rsym

1	पर	पर	PSP:पर	0	main
2	अब	अब	PRP	5	k7t
3	बिगबैंग	बिगबैंग	NN	5	k2
4	को	को	PSP:को	3	lwg__psp
5	छोडो	छोड	VM	1	ccof
6	.	.	.	5	rsym

1	बिगबैंग	बिगबैंग	NN	3	r6
2	का	का	PSP:का	1	lwg__psp
3	सिद्धांत	सिद्धान्त	NN	13	k1
4	तो	तो	CC:तो	3	lwg__rp
5	सांख्य	सांख्य	NN	13	k7
6	में	में	PSP:में	5	lwg__psp
7	कुरआन	कुरआन	NN	10	r6
8	के	का	PSP:का	7	lwg__psp
9	सैंकड़ों	सैंकड़ों	XC	10	mod
10	बरस	बरस	NN	13	rh
11	पहले	पहले	NST	10	lwg__psp
12	से	से	PSP:से	10	lwg__psp
13	है	है	VM	0	main
14	,	,	,	13	rsym
15	जो	जो	PRP	19	k1
16	एक	एक	QC	18	nmod__adj
17	अनीश्वरवादी	अनीश्वरवादी	JJ	18	nmod__adj
18	दर्शन	दर्शन	NN	19	k1s
19	है	है	VM	0	ROOT
20	.	.	.	19	rsym

1	बिगबैंग	बिगबैंग	NN	2	mod
2	बिगबैंग	बिगबैंग	NN	8	k7t
3	के	का	PSP:का	2	lwg__psp
4	साथ	साथ	NST	2	lwg__psp
5	ब्रह्मांड	ब्रह्मांड	NN	7	r6-k2
6	का	का	PSP:का	5	lwg__psp
7	जन्म	जन्म	NN	8	pof
8	हुआ	हो	VM	9	ccof
9	और	और	CC:और	0	main
10	अगले	अगला	NST	15	k7t
11	ही	ही	RP	10	lwg__rp
12	क्षण	क्षण	NN	15	k5
13	से	से	PSP:से	12	lwg__psp
14	ये	यह	PRP	15	k1
15	फैलने	फैल	VM	9	ccof
16	लगा	लगा	VAUX	15	lwg__vaux
17	.	.	.	15	rsym

1	महेन	महेन	NN	5	k1
2	ने	ने	PSP:ने	1	lwg__psp
3	एक	एक	QC	4	nmod__adj
4	टिप्पणी	टिप्पणी	NN	5	pof
5	की	कर	VM	7	nmod__k2inv
6	है	है	VAUX	5	lwg__vaux
7	बिगबैंग	बिगबैंग	NN	10	r6
8	का	का	PSP:का	7	lwg__psp
9	प्रलय-हल्ला	प्रलय-हल्ला	JJ	10	nmod__adj
10	...	...	NN	12	nmod
11	वाली	वाली	PSP:वाली	10	lwg__psp
12	पोस्ट	पोस्ट	NN	23	k7
13	पर	पर	PSP:पर	12	lwg__psp
14	:	:	:	17	rsym
15	ऐसी	ऐसी	DEM	17	nmod
16	ही	ही	RP	15	lwg__rp
17	अफ़वाह	अफ़वाह	NNP	23	k1
18	'	'	'	17	rsym
19	96	96	QC	23	sent-adv
20	में	में	PSP:में	19	lwg__psp
21	भी	भी	RP	19	lwg__rp
22	उड़ी	उड़ी	NN	23	k1
23	थी	था	VM	0	main
24	कि	कि	CC:कि	23	k2
25	उस	उस	DEM	26	nmod__adj
26	साल	साल	NN	36	k7t
27	भारत-पाकिस्तान	भारत-पाकिस्तान	NN	36	k7t
28	के	का	PSP:का	27	lwg__psp
29	बीच	बीच	NST	27	lwg__psp
30	परमाणु	परमाणु	XC	31	mod
31	युद्ध	युद्ध	NN	36	rh
32	के	का	PSP:का	31	lwg__psp
33	कारण	कारण	NN	31	lwg__psp
34	धरती	धरती	NN	36	k1
35	नष्ट	नष्ट	JJ	36	pof
36	हो	हो	VM	24	ccof
37	जाएगी	जा	VAUX	36	lwg__vaux
38	.	.	.	36	rsym

1	यह	यह	PRP	11	k1
2	बिगबैंग	बिगबैंग	NN	11	k3
3	से	से	PSP:से	2	lwg__psp
4	मौजूदा	मौजूदा	JJ	5	nmod__adj
5	ब्रह्मण्ड	ब्रह्मण्ड	NN	7	r6
6	के	का	PSP:का	5	lwg__psp
7	विकास	विकास	NN	11	k1
8	क्रम	क्रम	NN	10	r6-k2
9	की	का	PSP:का	8	lwg__psp
10	व्याख्या	व्याख्या	NN	11	pof
11	करती	कर	VM	0	main
12	है	है	VAUX	11	lwg__vaux
13	.	.	.	11	rsym

1	ऋगवेद	ऋगवेद	NN	3	r6
2	की	का	PSP:का	1	lwg__psp
3	ऋचाएं	ऋचा	NN	9	k1
4	बिगबैंग	बिगबैंग	NN	6	r6
5	के	का	PSP:का	4	lwg__psp
6	सिद्धांत	सिद्धान्त	NN	8	r6-k2
7	की	का	PSP:का	6	lwg__psp
8	उदघोषणा	उदघोषणा	NN	9	pof
9	करती	कर	VM	0	main
10	हैं	है	VAUX	9	lwg__vaux
11	....	....	CC:....	9	rsym
12	ये	यह	PRP	18	k1
13	इस	इस	DEM	14	nmod__adj
14	बात	बात	NN	17	r6
15	का	का	PSP:का	14	lwg__psp
16	सीधा	सीधा	JJ	17	nmod__adj
17	सबूत	सबूत	NN	18	k1
18	था	था	VM	11	ccof
19	कि	कि	CC:कि	18	k2
20	बिगबैंग	बिगबैंग	NN	22	r6
21	का	का	PSP:का	20	lwg__psp
22	सिद्धांत	सिद्धान्त	NN	24	k1
23	सही	सही	JJ	24	k1s
24	है	है	VM	25	ccof
25	और	और	CC:और	19	ccof
26	उत्पत्ति	उत्पत्ति	NN	33	k7p
27	के	का	PSP:का	26	lwg__psp
28	बाद	बाद	NST	26	lwg__psp
29	से	से	PSP:से	26	lwg__psp
30	ही	ही	RP	26	lwg__rp
31	ब्रह्मांड	ब्रह्मांड	NN	33	k1
32	लगातार	लगातार	RB	33	adv
33	फैल	फैल	VM	25	ccof
34	रहा	रह	VAUX	33	lwg__vaux
35	है	है	VAUX	33	lwg__vaux
36	.	.	.	33	rsym

1	संपादक	संपादक	NN	3	mod
2	-	-	-	3	rsym
3	ब्रह्मांड	ब्रह्मांड	NN	5	r6
4	की	का	PSP:का	3	lwg__psp
5	उत्पत्ति	उत्पत्ति	NN	0	main
6	यानि	यानि	CC:यानि	5	rsym
7	बिगबैंग	बिगबैंग	NN	9	r6
8	की	का	PSP:का	7	lwg__psp
9	घटना	घटना	NN	11	r6
10	के	का	PSP:का	9	lwg__psp
11	अवशेष	अवशेष	NN	6	ccof
12	,	,	,	11	rsym
13	माइक्रोवेव	माइक्रोवेव	XC	14	mod
14	रेडिएशन	रेडिएशन	NN	16	r6
15	के	का	PSP:का	14	lwg__psp
16	रूप	रूप	NN	23	k7
17	में	में	PSP:में	16	lwg__psp
18	अब	अब	PRP	23	k7t
19	भी	भी	RP	18	lwg__rp
20	अंतरिक्ष	अंतरिक्ष	NN	23	k7p
21	में	में	PSP:में	20	lwg__psp
22	मौजूद	मौजूद	JJ	23	pof
23	हैं	है	VM	11	ccof
24	,	,	,	23	rsym
25	बिगबैंग	बिगबैंग	NN	28	r6
26	के	का	PSP:का	25	lwg__psp
27	इन	इन	DEM	28	nmod__adj
28	अवशेषों	अवशेष	NN	36	k1
29	को	को	PSP:को	28	lwg__psp
30	ही	ही	RP	28	lwg__rp
31	कॉस्मिक	कॉस्मिक	JJ	33	nmod__adj
32	माइक्रोवेव	माइक्रोवेव	XC	33	mod
33	बैकग्राउंड	बैकग्राउंड	NN	34	ccof
34	या	या	CC:या	36	k2
35	सीएमबी	सीएमबी	NN	34	ccof
36	कहते	कह	VM	23	vmod
37	हैं	है	VAUX	36	lwg__vaux
38	.	.	.	36	rsym

1	यानि	यानि	CC:यानि	0	ROOT
2	हम	हम	PRP	13	k1
3	अंतरिक्ष	अंतरिक्ष	NN	13	k7p
4	में	में	PSP:में	3	lwg__psp
5	जितनी	जितनी	QF	6	nmod__adj
6	दूर	दूर	NST	13	vmod
7	जितनी	जितनी	QF	8	nmod__adj
8	गहराई	गहराई	NN	10	k7
9	में	में	PSP:में	8	lwg__psp
10	झांकने	झांकने	VM	12	r6-k2
11	की	का	PSP:का	10	lwg__psp
12	कोशिश	कोशिश	NN	13	pof
13	करेंगे	कर	VM	0	ROOT
14	,	,	,	13	rsym
15	उतना	उतना	QF	0	ROOT
16	ही	ही	RP	15	lwg__rp
17	हम	हम	PRP	0	ROOT
18	ब्रह्मांड	ब्रह्मांड	NN	20	r6
19	की	का	PSP:का	18	lwg__psp
20	उत्पत्ति	उत्पत्ति	NN	22	r6
21	की	का	PSP:का	20	lwg__psp
22	घटना	घटना	NN	0	ROOT
23	यानि	यानि	CC:यानि	22	rsym
24	बिगबैंग	बिगबैंग	NN	26	r6
25	के	का	PSP:का	24	lwg__psp
26	अवशेषों	अवशेष	NN	29	k7t
27	की	का	PSP:का	26	lwg__psp
28	तरफ	तरफ	NST	26	lwg__psp
29	बढ़ते	बढ़ते	VM	23	ccof
30	जाएंगे	जा	VAUX	29	lwg__vaux
31	.	.	.	29	rsym

1	वैज्ञानिक	वैज्ञानिक	JJ	20	k1
2	पहली	पहली	QO	3	nmod__adj
3	बार	बार	RP	20	k7t
4	प्रयोगशाला	प्रयोगशाला	NN	7	r6
5	के	का	PSP:का	4	lwg__psp
6	नियंत्रित	नियंत्रित	JJ	7	nmod__adj
7	माहौल	माहौल	NN	20	k7
8	में	में	PSP:में	7	lwg__psp
9	सृष्टि	सृष्टि	NN	11	r6
10	के	का	PSP:का	9	lwg__psp
11	जन्म	जन्म	NN	13	r6
12	की	का	PSP:का	11	lwg__psp
13	घटना	घटना	NN	20	k1
14	बिगबैंग	बिगबैंग	NN	17	k2
15	को	को	PSP:को	14	lwg__psp
16	उत्पन्न	उत्पन्न	JJ	17	pof
17	करने	कर	VM	20	k7
18	में	में	PSP:में	17	lwg__psp
19	सफल	सफल	JJ	20	pof
20	रहे	रह	VM	0	main
21	.	.	.	20	rsym

1	इस	इस	DEM	2	nmod__adj
2	बिगबैंग	बिगबैंग	NN	24	k1
3	प्रयोग	प्रयोग	NN	24	rt
4	के	का	PSP:का	3	lwg__psp
5	लिए	ले	PSP:ले	3	lwg__psp
6	हमारे	हमारे	PRP	8	jjmod
7	नजदीक	नजदीक	NN	6	lwg__psp
8	स्थित	स्थित	JJ	9	nmod
9	तारों	तारा	NN	16	r6
10	(	(	(	11	rsym
11	जैसे	जैसे	RDP	9	nmod
12	की	का	PSP:का	9	lwg__psp
13	सूर्य	सूर्य	XC	16	r6
14	)	)	)	13	rsym
15	की	का	PSP:का	13	lwg__psp
16	अपेक्षा	अपेक्षा	NN	18	jjmod
17	दूर	दूर	NST	18	jjmod
18	स्थित	स्थित	JJ	20	nmod
19	अधिकतर	अधिकतर	JJ	20	nmod__adj
20	तारे	तारा	NN	24	k1
21	नवीकृत	नवीकृत	JJ	22	ccof
22	या	या	CC:या	24	k1s
23	जवान	जवान	JJ	22	ccof
24	है	है	VM	25	ccof
25	तथा	तथा	CC:तथा	0	main
26	उनका	उनका	PRP	29	r6
27	जन्म	जन्म	NN	29	mod
28	समय	समय	NN	29	mod
29	काल	काल	NN	35	k7
30	में	में	PSP:में	29	lwg__psp
31	बिगबैंग	बिगबैंग	NN	35	k1
32	के	का	PSP:का	31	lwg__psp
33	काफी	काफी	QF	34	nmod__adj
34	करीब	करीब	RB	35	k1s
35	हुआ	हो	VM	25	ccof
36	है	है	VAUX	35	lwg__vaux
37	.	.	.	35	rsym

1	कोई	कोई	PRP	4	k1
2	ये	यह	PRP	4	k2
3	भी	भी	RP	2	lwg__rp
4	पूछ	पूछ	VM	0	ROOT
5	सकता	सक	VAUX	4	lwg__vaux
6	है	है	VAUX	4	lwg__vaux
7	कि	कि	CC:कि	0	ROOT
8	बिगबैंग	बिगबैंग	NN	12	k7t
9	से	से	PSP:से	8	lwg__psp
10	पहले	पहले	NST	8	lwg__psp
11	क्या	क्या	WQ	12	adv
12	था	था	VM	14	ccof
13	,	,	,	12	rsym
14	लेकिन	लेकिन	CC:लेकिन	0	ROOT
15	इसका	इसका	PRP	16	r6
16	जवाब	जवाब	NN	19	k1
17	भी	भी	RP	16	lwg__rp
18	ये	यह	PRP	19	k1s
19	होगा	हो	VM	0	ROOT
20	कि	कि	CC:कि	0	ROOT
21	जैसे	जैसे	PRP	29	k1
22	दक्षिणी	दक्षिणी	JJ	23	nmod__adj
23	ध्रुव	ध्रुव	NN	25	k7p
24	पर	पर	PSP:पर	23	lwg__psp
25	पहुंचकर	पहुंचकर	VM	29	vmod
26	दक्षिण	दक्षिण	XC	27	mod
27	दिशा	दिशा	NN	29	k1
28	लुप्त	लुप्त	JJ	29	pof
29	हो	हो	VM	0	ROOT
30	जाती	जा	VAUX	29	lwg__vaux
31	है	है	VAUX	29	lwg__vaux
32	,	,	,	29	rsym
33	उसी	उसी	DEM	34	nmod__adj
34	तरह	तरह	NN	41	adv
35	बिगबैंग	बिगबैंग	NN	41	k7t
36	से	से	PSP:से	35	lwg__psp
37	पहले	पहले	NST	35	lwg__psp
38	कुछ	कुछ	QF	41	k1
39	भी	भी	RP	38	lwg__rp
40	नहीं	नहीं	NEG	41	lwg__neg
41	था	था	VM	0	ROOT
42	.	.	.	41	rsym

1	हम	हम	PRP	23	k1
2	इसे	इसे	PRP	3	k2
3	समझने	समझ	VM	5	r6-k2
4	का	का	PSP:का	3	lwg__psp
5	यत्न	यत्न	NN	6	pof
6	करते	कर	VM	23	vmod
7	हुए	हो	VAUX	6	lwg__vaux
8	जगतोत्पत्ति	जगतोत्पत्ति	NN	11	r6
9	के	का	PSP:का	8	lwg__psp
10	आधुनिकतम	आधुनिकतम	JJ	11	nmod__adj
11	सिद्धान्तों	सिद्धान्त	NN	23	rd
12	में	में	PSP:में	11	lwg__psp
13	से	से	PSP:से	11	lwg__psp
14	एक	एक	QC	15	nmod__adj
15	महाविस्फोट	महाविस्फोट	NN	20	r6
16	(	(	(	17	rsym
17	बिगबैंग	बिगबैंग	NN	15	nmod
18	)	)	)	17	rsym
19	के	का	PSP:का	15	fragof
20	सिद्धान्त	सिद्धान्त	NN	23	k7
21	पर	पर	PSP:पर	20	lwg__psp
22	दृष्टिपात	दृष्टिपात	NN	23	pof
23	करें	कर	VM	0	main
24	.	.	.	23	rsym

1	अब	अब	PRP	4	k7t
2	तक	तक	RP	1	lwg__rp
3	ये	यह	PRP	4	k2
4	माना	मान	VM	0	main
5	जाता	जा	VAUX	4	lwg__vaux
6	रहा	रह	VAUX	4	lwg__vaux
7	है	है	VAUX	4	lwg__vaux
8	कि	कि	CC:कि	4	k2
9	सभी	सभी	QF	10	nmod__adj
10	आकाशगंगाएं	आकाशगंगाएं	NN	25	k1
11	अब	अब	PRP	18	k5
12	से	से	PSP:से	11	lwg__psp
13	करीब	करीब	RB	18	adv
14	14	14	QC	16	nmod__adj
15	अरब	अरब	XC	16	mod
16	साल	साल	NN	18	k7t
17	पहले	पहले	NST	16	lwg__psp
18	हुए	हो	VM	19	nmod__k1inv
19	ऊर्जा	ऊर्जा	NN	21	r6
20	के	का	PSP:का	19	lwg__psp
21	महाविस्फोट	महाविस्फोट	NN	25	k1
22	यानि	यानि	CC:यानि	25	k1
23	बिगबैंग	बिगबैंग	NN	25	k5
24	से	से	PSP:से	23	lwg__psp
25	बनी	बन	VM	8	ccof
26	हैं	है	VAUX	25	lwg__vaux
27	.	.	.	25	rsym

1	इसे	इसे	PRP	4	k2
2	बिगबैंग	बिगबैंग	NN	3	nmod__adj
3	नाम	नाम	NN	4	k2
4	दिया	दे	VM	0	main
5	गया	गया	VAUX	4	lwg__vaux
6	.	.	.	4	rsym

1	इस	इस	DEM	2	nmod__adj
2	बिगबैंग	बिगबैंग	NN	14	k7t
3	प्रयोग	प्रयोग	NN	14	rt
4	के	का	PSP:का	3	lwg__psp
5	लिए	ले	PSP:ले	3	lwg__psp
6	मंगलवार	मंगलवार	NN	14	k7t
7	को	को	PSP:को	6	lwg__psp
8	प्रोटोन्स	प्रोटोन्स	NN	14	ras-k2
9	का	का	PSP:का	8	lwg__psp
10	पहला	पहला	QO	14	k2
11	सफ़ल	सफ़ल	JJ	14	pof__cn
12	कोलिजन	कोलिजन	XC	14	k2
13	रिकार्ड	रिकार्ड	NN	14	pof
14	कर	कर	VM	0	main
15	लिया	ले	VAUX	14	lwg__vaux
16	गया	गया	VAUX	14	lwg__vaux
17	.	.	.	14	rsym

1	यह	यह	PRP	4	k1
2	ऐसा	ऐसा	DEM	3	nmod__adj
3	तत्व	तत्व	NN	4	k1
4	है	है	VM	0	main
5	जो	जो	PRP	23	k1
6	बिगबैंग	बिगबैंग	NN	8	r6
7	के	का	PSP:का	6	lwg__psp
8	‘	‘	NN	23	k1
9	तत्काल	तत्काल	JJ	23	adv
10	'	'	'	11	rsym
11	(	(	(	23	k1
12	अब	अब	PRP	23	k7t
13	दारोमदार	दारोमदार	JJ	15	nmod__adj
14	जनरल	जनरल	XC	15	mod
15	इलेक्ट्रिक	इलेक्ट्रिक	NNP	23	k1
16	जैसी	जैसी	PSP:जैसी	15	lwg__psp
17	कंपनियों	कंपनी	NN	23	k7
18	पर	पर	PSP:पर	17	lwg__psp
19	...	...	XC	21	mod
20	जनरल	जनरल	XC	21	mod
21	रिलेटिविटी	रिलेटिविटी	NNP	23	k1
22	तो	तो	RP	21	lwg__rp
23	कहती	कह	VM	0	ROOT
24	है	है	VAUX	23	lwg__vaux
25	कि	कि	CC:कि	23	k2
26	ब्रह्मांड	ब्रह्मांड	NN	27	ccof
27	और	और	CC:और	35	k1
28	खुद	खुद	PRP	35	k1
29	समय	समय	NN	31	r6
30	की	का	PSP:का	29	lwg__psp
31	शुरुआत	शुरुआत	NN	35	k1
32	भी	भी	RP	31	lwg__rp
33	बिगबैंग	बिगबैंग	NN	35	k7p
34	में	में	PSP:में	33	lwg__psp
35	हुई	हो	VM	25	ccof
36	थी	था	VAUX	35	lwg__vaux
37	.	.	.	35	rsym

1	इन्ही	इन्ही	DEM	2	nmod__adj
2	समिकरणो	समिकरणो	NN	4	r6
3	के	का	PSP:का	2	lwg__psp
4	हल	हल	NN	6	r6
5	के	का	PSP:का	4	lwg__psp
6	आधार	आधार	NN	13	k7
7	पर	पर	PSP:पर	6	lwg__psp
8	उन्होने	उन्होने	PRP	13	k7t
9	बिगबैंग	बिगबैंग	NN	10	mod
10	सिद्धांत	सिद्धान्त	NN	13	k2
11	को	को	PSP:को	10	lwg__psp
12	प्रस्तावित	प्रस्तावित	JJ	13	pof
13	किया	कर	VM	0	main
14	.	.	.	13	rsym

1	1995	1995	QC	0	ROOT
2	में	में	PSP:में	1	lwg__psp
3	स्पेस	स्पेस	XC	5	mod
4	ऑब्जरवेटरी	ऑब्जरवेटरी	NNP	5	mod
5	हब्बल	हब्बल	NN	0	ROOT
6	ने	ने	PSP:ने	5	lwg__psp
7	इससे	इससे	PRP	0	ROOT
8	भी	भी	RP	7	lwg__rp
9	आगे	आगा	NST	0	ROOT
10	यानि	यानि	CC:यानि	9	ccof
11	बिगबैंग	बिगबैंग	NN	13	r6
12	के	का	PSP:का	11	lwg__psp
13	डेढ़	डेढ़	NNP	21	k1
14	अरब	अरब	PRP	21	k7p
15	साल	साल	NN	18	r6
16	बाद	बाद	NST	15	lwg__psp
17	की	का	PSP:का	15	lwg__psp
18	दुनिया	दुनिया	NN	20	r6
19	की	का	PSP:का	18	lwg__psp
20	झलक	झलक	NN	21	k2
21	दिखाई	दिखा	VM	10	ccof
22	.	.	.	21	rsym

1	यूं	यूँ	RP	2	adv
2	देखें	देख	VM	0	ROOT
3	तो	तो	CC:तो	0	ROOT
4	समूची	समूची	JJ	5	nmod__adj
5	सृष्टि	सृष्टि	NN	12	k1
6	ही	ही	RP	5	lwg__rp
7	महाविस्फोट	महाविस्फोट	NN	12	k1
8	अर्थात	अर्थात	CC:अर्थात	12	k1
9	बिगबैंग	बिगबैंग	NN	12	k5
10	से	से	PSP:से	9	lwg__psp
11	जन्मी	जन्मी	JJ	12	pof
12	है	है	VM	3	ccof
13	.	.	.	12	rsym

1	और	और	CC:और	0	main
2	इसी	इसी	PRP	6	k7t
3	के	का	PSP:का	2	lwg__psp
4	साथ	साथ	NST	2	lwg__psp
5	साबित	साबित	JJ	6	pof
6	हो	हो	VM	1	ccof
7	गया	गया	VAUX	6	lwg__vaux
8	कि	कि	CC:कि	6	k2
9	बिगबैंग	बिगबैंग	NN	12	k1
10	सिद्धांत	सिद्धान्त	NN	12	k1
11	सही	सही	JJ	12	k1s
12	है	है	VM	8	ccof
13	.	.	.	12	rsym

1	दुनिया	दुनिया	NN	6	r6
2	की	का	PSP:का	1	lwg__psp
3	सबसे	सबसे	INTF	4	jjmod__intf
4	बड़ी	बड़ी	JJ	6	nmod__adj
5	प्रयोगशाला	प्रयोगशाला	NN	6	mod
6	सेर्न	सेर्न	NN	8	r6
7	की	का	PSP:का	6	lwg__psp
8	महामशीन	महामशीन	NN	11	k1
9	एलएचसी	एलएचसी	NNP	11	k7p
10	में	में	PSP:में	9	lwg__psp
11	हो	हो	VM	26	ccof
12	रहे	रह	VAUX	11	lwg__vaux
13	,	,	,	11	rsym
14	प्रोटॉन	प्रोटॉन	XC	15	mod
15	बीम	बीम	NN	26	k1
16	की	का	PSP:का	15	lwg__psp
17	आपस	आपस	PRP	26	k7
18	में	में	PSP:में	17	lwg__psp
19	टक्कर	टक्कर	NN	21	r6
20	के	का	PSP:का	19	lwg__psp
21	महाप्रयोग	महाप्रयोग	NN	23	r6
22	का	का	PSP:का	21	lwg__psp
23	मकसद	मकसद	NN	26	k1
24	भी	भी	RP	23	lwg__rp
25	यही	यही	PRP	26	k1s
26	है	है	VM	0	main
27	कि	कि	CC:कि	0	ROOT
28	ब्रह्मांड	ब्रह्मांड	NN	30	r6
29	की	का	PSP:का	28	lwg__psp
30	शुरुआत	शुरुआत	NN	27	ccof
31	यानि	यानि	CC:यानि	30	rsym
32	बिगबैंग	बिगबैंग	NN	34	r6
33	के	का	PSP:का	32	lwg__psp
34	वक्त	वक्त	NN	36	r6
35	के	का	PSP:का	34	lwg__psp
36	माहौल	माहौल	NN	40	k2
37	को	को	PSP:को	36	lwg__psp
38	फिर	फिर	RB	40	adv
39	से	से	PSP:से	38	mod
40	रचा	रचा	VM	31	ccof
41	जाए	जा	VAUX	40	lwg__vaux
42	.	.	.	40	rsym

1	हम	हम	PRP	23	k1
2	इसे	इसे	PRP	3	k2
3	समझने	समझ	VM	5	r6-k2
4	का	का	PSP:का	3	lwg__psp
5	यत्न	यत्न	NN	6	pof
6	करते	कर	VM	23	vmod
7	हुए	हो	VAUX	6	lwg__vaux
8	जगतोत्पत्ति	जगतोत्पत्ति	NN	11	r6
9	के	का	PSP:का	8	lwg__psp
10	आधुनिकतम	आधुनिकतम	JJ	11	nmod__adj
11	सिद्धान्तों	सिद्धान्त	NN	23	rd
12	में	में	PSP:में	11	lwg__psp
13	से	से	PSP:से	11	lwg__psp
14	एक	एक	QC	15	nmod__adj
15	महाविस्फोट	महाविस्फोट	NN	20	r6
16	(	(	(	17	rsym
17	बिगबैंग	बिगबैंग	NN	15	nmod
18	)	)	)	17	rsym
19	के	का	PSP:का	15	fragof
20	सिद्धान्त	सिद्धान्त	NN	23	k7
21	पर	पर	PSP:पर	20	lwg__psp
22	दृष्टिपात	दृष्टिपात	NN	23	pof
23	करें	कर	VM	0	main
24	.	.	.	23	rsym

1	हमारी	हमारी	PRP	2	r6
2	पृथ्वी	पृथ्वी	NN	9	k1u
3	भी	भी	RP	2	lwg__rp
4	एक	एक	QC	7	nmod__adj
5	महाविस्फ़ोट	महाविस्फ़ोट	NN	7	mod
6	-	-	-	7	rsym
7	बिगबैंग	बिगबैंग	NN	9	k5
8	से	से	PSP:से	7	lwg__psp
9	हुए	हो	VM	10	nmod__k1inv
10	विभाजन	विभाजन	NN	12	rh
11	से	से	PSP:से	10	lwg__psp
12	बनी	बन	VM	0	main
13	है	है	VAUX	12	lwg__vaux
14	.	.	.	12	rsym

1	1991	1991	QC	3	r6
2	के	का	PSP:का	1	lwg__psp
3	बिगबैंग	बिगबैंग	NN	5	r6
4	की	का	PSP:का	3	lwg__psp
5	तारीफ	तारीफ	NN	7	k2
6	को	को	PSP:को	5	lwg__psp
7	देखिए	देख	VM	8	ccof
8	और	और	CC:और	0	ROOT
9	सोचिए	सोच	VM	0	ROOT
10	कि	कि	CC:कि	0	ROOT
11	इसमें	इसमें	PRP	17	k7
12	उन	उन	DEM	13	nmod__adj
13	लोगों	लोग	NN	17	rt
14	के	का	PSP:का	13	lwg__psp
15	लिए	ले	PSP:ले	13	lwg__psp
16	क्या	क्या	WQ	17	adv
17	है	है	VM	0	ROOT
18	?	?	?	17	rsym
19	यदि	यदि	CC:यदि	0	ROOT
20	अनादि	अनादि	JJ	21	k1s
21	है	है	VM	19	ccof
22	तो	तो	CC:तो	0	ROOT
23	बिगबैंग	बिगबैंग	NN	0	ROOT
24	क्यों	क्यों	WQ	0	ROOT
25	?	?	?	26	ccof
26	और	और	CC:और	43	ccof
27	बिगबैंग	बिगबैंग	NN	31	k7
28	के	का	PSP:का	27	lwg__psp
29	पहले	पहले	NST	27	lwg__psp
30	क्या	क्या	WQ	31	adv
31	था	था	VM	40	k1
32	?	?	?	40	adv
33	ब्रह्मांड	ब्रह्मांड	NN	36	r6
34	का	का	PSP:का	33	lwg__psp
35	जन्म	जन्म	NN	36	mod
36	बिगबैंग	बिगबैंग	NN	38	r6
37	की	का	PSP:का	36	lwg__psp
38	घटना	घटना	NN	40	rh
39	से	से	PSP:से	38	lwg__psp
40	हुआ	हो	VM	26	ccof
41	था	था	VAUX	40	lwg__vaux
42	,	,	,	40	rsym
43	लेकिन	लेकिन	CC:लेकिन	24	ccof
44	इसका	इसका	PRP	46	r6
45	कोई	कोई	PRP	46	nmod__adj
46	अंत	अंत	NN	48	k1
47	नहीं	नहीं	NEG	48	lwg__neg
48	है	है	VM	43	ccof
49	.	.	.	48	rsym

1	हमारे	हमारे	PRP	3	jjmod
2	नजदीक	नजदीक	NN	1	lwg__psp
3	स्थित	स्थित	JJ	4	nmod
4	तारों	तारा	NN	11	r6
5	(	(	(	6	rsym
6	जैसे	जैसे	RDP	4	nmod
7	की	का	PSP:का	4	lwg__psp
8	सूर्य	सूर्य	XC	11	r6
9	)	)	)	8	rsym
10	की	का	PSP:का	8	lwg__psp
11	अपेक्षा	अपेक्षा	NN	13	jjmod
12	दूर	दूर	NST	13	jjmod
13	स्थित	स्थित	JJ	15	nmod
14	अधिकतर	अधिकतर	JJ	15	nmod__adj
15	तारे	तारा	NN	19	k1
16	नवीकृत	नवीकृत	JJ	17	ccof
17	या	या	CC:या	19	k1s
18	जवान	जवान	JJ	17	ccof
19	है	है	VM	20	ccof
20	तथा	तथा	CC:तथा	0	main
21	उनका	उनका	PRP	24	r6
22	जन्म	जन्म	NN	24	mod
23	समय	समय	NN	24	mod
24	काल	काल	NN	30	k7
25	में	में	PSP:में	24	lwg__psp
26	बिगबैंग	बिगबैंग	NN	30	k1
27	के	का	PSP:का	26	lwg__psp
28	काफी	काफी	QF	29	nmod__adj
29	करीब	करीब	RB	30	k1s
30	हुआ	हो	VM	20	ccof
31	है	है	VAUX	30	lwg__vaux
32	.	.	.	30	rsym

1	नोबेल	नोबेल	JJ	2	nmod__adj
2	फिजिसिस्ट	फिजिसिस्ट	NN	3	k2
3	डॉ	डॉ	VM	0	main
4	.	.	.	3	rsym

1	मिशियो	मिशियो	XC	2	mod
2	काकू	काकू	NNP	3	k1
3	बताते	बता	VM	0	main
4	हैं	है	VAUX	3	lwg__vaux
5	कि	कि	CC:कि	3	k2
6	ब्रह्मांड	ब्रह्मांड	NN	8	r6
7	की	का	PSP:का	6	lwg__psp
8	शुरुआत	शुरुआत	NN	5	ccof
9	यानि	यानि	CC:यानि	8	rsym
10	ऊर्जा	ऊर्जा	NN	12	r6
11	के	का	PSP:का	10	lwg__psp
12	महाविस्फोट	महाविस्फोट	NN	24	k1
13	बिगबैंग	बिगबैंग	NN	24	rh
14	से	से	PSP:से	13	lwg__psp
15	पदार्थ	पदार्थ	NN	16	ccof
16	और	और	CC:और	24	k7p
17	एंटीमैटर	एंटीमैटर	NN	16	ccof
18	दोनों	दोना	NN	24	k1
19	ही	ही	RP	18	lwg__rp
20	समान	समान	JJ	21	nmod__adj
21	मात्रा	मात्रा	NN	24	k7
22	में	में	PSP:में	21	lwg__psp
23	उत्पन्न	उत्पन्न	JJ	24	pof
24	हुए	हो	VM	26	ccof
25	,	,	,	24	rsym
26	लेकिन	लेकिन	CC:लेकिन	9	ccof
27	आपस	आपस	PRP	43	k7
28	में	में	PSP:में	27	lwg__psp
29	संपर्क	संपर्क	NN	30	pof
30	करते	कर	VM	43	vmod
31	ही	ही	RP	30	lwg__rp
32	एक	एक	QC	34	nmod__adj
33	जबरदस्त	जबरदस्त	JJ	34	nmod__adj
34	विस्फोट	विस्फोट	NN	43	k7t
35	के	का	PSP:का	34	lwg__psp
36	साथ	साथ	NST	34	lwg__psp
37	पदार्थ	पदार्थ	NN	42	r6
38	का	का	PSP:का	37	lwg__psp
39	बहुत	बहुत	INTF	42	nmod__adj
40	बड़ा	बड़ा	XC	42	nmod__adj
41	हिस्सा	हिस्सा	NN	42	mod
42	एंटीमैटर	एंटीमैटर	NN	43	k2
43	निगल	निगल	VM	45	ccof
44	गया	गया	VAUX	43	lwg__vaux
45	और	और	CC:और	26	ccof
46	जो	जो	PRP	48	k1
47	पदार्थ	पदार्थ	NN	48	pof
48	बच	बच	VM	57	vmod
49	गया	गया	VAUX	48	lwg__vaux
50	उसने	उसने	PRP	57	k1
51	इस	इस	DEM	53	nmod__adj
52	पूरे	पूरा	JJ	53	nmod__adj
53	ब्रह्मांड	ब्रह्मांड	NN	54	ccof
54	और	और	CC:और	57	k1
55	हमारी	हमारी	PRP	56	r6
56	रचना	रचना	NN	57	pof
57	की	का	PSP:का	45	ccof
58	.	.	.	57	rsym

1	क्योंकि	क्योंकि	CC:क्योंकि	0	main
2	बिगबैंग	बिगबैंग	NN	5	k1
3	एक	एक	QC	4	nmod__adj
4	शुरुआत	शुरुआत	NN	5	k1s
5	है	है	VM	1	ccof
6	,	,	,	5	rsym
7	इस	इस	DEM	8	nmod__adj
8	शुरुआत	शुरुआत	NN	13	k5
9	से	से	PSP:से	8	lwg__psp
10	पहले	पहले	NST	13	k7t
11	कैसे	कैसे	WQ	13	adv
12	कुछ	कुछ	QF	13	k1
13	हो	हो	VM	5	ccof
14	सकता	सक	VAUX	13	lwg__vaux
15	है	है	VAUX	13	lwg__vaux
16	.	.	.	13	rsym

1	ऐसे	ऐसे	PRP	0	ROOT
2	में	में	PSP:में	1	lwg__psp
3	जीवन	जीवन	NN	5	r6
4	की	का	PSP:का	3	lwg__psp
5	शुरुआत	शुरुआत	NN	6	ccof
6	और	और	CC:और	0	ROOT
7	उसका	उसका	PRP	8	r6
8	विकास	विकास	NN	10	k1
9	कैसे	कैसे	WQ	10	adv
10	होता	हो	VM	6	ccof
11	?	?	?	6	ccof
12	हमारी	हमारी	PRP	15	r6
13	संपूर्ण	संपूर्ण	JJ	15	nmod__adj
14	मानव	मानव	XC	15	mod
15	जाति	जाति	NN	16	ccof
16	और	और	CC:और	11	ccof
17	जीवन	जीवन	NN	16	ccof
18	के	का	PSP:का	17	lwg__psp
19	ये	यह	DEM	21	nmod__adj
20	विभिन्न	विभिन्न	JJ	21	nmod__adj
21	स्वरूप	स्वरूप	NN	35	k1
22	सब	सब	PRP	25	r6
23	के	का	PSP:का	22	lwg__psp
24	सब	सब	QF	25	nmod__adj
25	बिगबैंग	बिगबैंग	NN	35	k7t
26	के	का	PSP:का	25	lwg__psp
27	बाद	बाद	NST	25	lwg__psp
28	ब्रह्मांड	ब्रह्मांड	NN	35	r6
29	की	का	PSP:का	28	lwg__psp
30	उसी	उसी	PRP	35	k1
31	आदि	आदि	RP	30	lwg__rp
32	हलचल	हलचल	NN	35	k7p
33	की	का	PSP:का	32	lwg__psp
34	ही	ही	RP	32	lwg__rp
35	देन	देन	VM	16	ccof
36	हैं	है	VAUX	35	lwg__vaux
37	.	.	.	35	rsym

1	यद्यपि	यद्यपि	CC:यद्यपि	0	ROOT
2	उन्होंने	उन्होंने	PRP	14	k1
3	अपनी	अपनी	PRP	4	r6
4	किताब	किताब	NN	14	k2
5	अ	अ	अ	14	vmod
6	ब्रीफ़	ब्रीफ़	NN	9	mod
7	हिस्ट्री	हिस्ट्री	XC	9	mod
8	आफ	आफ	XC	9	mod
9	टाइम	टाइम	NN	14	k7
10	में	में	PSP:में	9	lwg__psp
11	पहले	पहले	NST	14	k7t
12	भी	भी	RP	11	lwg__rp
13	यह	यह	PRP	14	k2
14	कहा	कह	VM	0	ROOT
15	था	था	VAUX	14	lwg__vaux
16	कि	कि	CC:कि	0	ROOT
17	बिग	बिग	JJ	18	nmod__adj
18	बैंग	बैंग	NN	31	k3
19	से	से	PSP:से	18	lwg__psp
20	ब्रह्मांड	ब्रह्मांड	NN	22	r6
21	के	का	PSP:का	20	lwg__psp
22	निर्माण	निर्माण	NN	24	r6
23	की	का	PSP:का	22	lwg__psp
24	प्रक्रिया	प्रक्रिया	NN	31	k7
25	में	में	PSP:में	24	lwg__psp
26	भगवान	भगवान	NN	29	r6
27	की	का	PSP:का	26	lwg__psp
28	कोई	कोई	PRP	29	nmod__adj
29	भूमिका	भूमिका	NN	31	k1
30	नहीं	नहीं	NEG	31	lwg__neg
31	हो	हो	VM	33	ccof
32	सकती	सक	VAUX	31	lwg__vaux
33	लेकिन	लेकिन	CC:लेकिन	0	ROOT
34	अगर	अगर	CC:अगर	0	ROOT
35	भगवान	भगवान	NN	38	r6
36	की	का	PSP:का	35	lwg__psp
37	कोई	कोई	PRP	38	nmod__adj
38	भूमिका	भूमिका	NN	39	k1
39	होगी	हो	VM	34	ccof
40	भी	भी	RP	39	lwg__rp
41	तो	तो	CC:तो	0	ROOT
42	वह	वह	PRP	51	k1
43	बिगबैंग	बिगबैंग	NN	45	r6
44	के	का	PSP:का	43	lwg__psp
45	क्षणांश	क्षणांश	NN	51	k1
46	मात्र	मात्र	RB	51	adv
47	में	में	PSP:में	46	lwg__psp
48	इस	इस	DEM	49	nmod__adj
49	तरह	तरह	NN	51	adv
50	अनुस्यूत	अनुस्यूत	JJ	51	pof
51	होगी	हो	VM	41	ccof
52	कि	कि	CC:कि	51	k2
53	उसके	उसके	PRP	54	k2p
54	होने	हो	VM	57	r6
55	का	का	PSP:का	54	lwg__psp
56	कोई	कोई	PRP	57	nmod__adj
57	अर्थ	अर्थ	NN	59	k1
58	नहीं	नहीं	NEG	59	lwg__neg
59	होगा	हो	VM	52	ccof
60	.	.	.	59	rsym

1	कोबे	कोबे	RDP	2	mod
2	मिशन	मिशन	NN	0	ROOT
3	ने	ने	PSP:ने	2	lwg__psp
4	जब	जब	PRP	0	ROOT
5	बिगबैंग	बिगबैंग	NN	7	r6
6	के	का	PSP:का	5	lwg__psp
7	आफ्टरग्लो	आफ्टरग्लो	NN	0	ROOT
8	यानि	यानि	CC:यानि	0	ROOT
9	कॉस्मिक	कॉस्मिक	XC	11	mod
10	माइक्रोवेव	माइक्रोवेव	XC	11	mod
11	बैकग्राउंड	बैकग्राउंड	NN	14	k2
12	को	को	PSP:को	11	lwg__psp
13	पकड़	पकड़	NN	14	pof
14	लिया	ले	VM	8	ccof
15	तो	तो	CC:तो	0	ROOT
16	विज्ञान	विज्ञान	NN	18	r6
17	की	का	PSP:का	16	lwg__psp
18	दुनिया	दुनिया	NN	23	k7p
19	में	में	PSP:में	18	lwg__psp
20	सनसनी	सनसनी	NN	23	k1
21	सी	सी	RP	20	lwg__rp
22	दौड़	दौड़	NN	23	k2
23	गई	गई	VAUX	15	ccof
24	.	.	.	23	rsym

1	बिगबैंग	बिगबैंग	NN	2	mod
2	प्रयोग	प्रयोग	NN	7	r6
3	की	का	PSP:का	2	lwg__psp
4	सुरंग	सुरंग	NN	7	mod
5	-	-	-	7	rsym
6	एसोसियेटेड	एसोसियेटेड	XC	7	mod
7	प्रेस	प्रेस	NN	10	r6
8	का	का	PSP:का	7	lwg__psp
9	फोटोमेरे	फोटोमेरे	JJ	10	nmod__adj
10	घर	घर	NN	11	ccof
11	व	व	CC:व	17	k7p
12	आसपास	आसपास	NST	11	ccof
13	में	में	PSP:में	12	lwg__psp
14	रविवार	रविवार	NN	17	k7t
15	से	से	PSP:से	14	lwg__psp
16	सनसनी	सनसनी	NN	17	k1
17	है	है	VM	0	main
18	कि	कि	CC:कि	17	k2
19	दस	दस	XC	20	mod
20	सितम्बर	सितंबर	NNP	23	k1
21	को	को	PSP:को	20	lwg__psp
22	प्रलय	प्रलय	NN	23	pof
23	है	है	VM	18	ccof
24	.	.	.	23	rsym

1	विज्ञान	विज्ञान	NN	11	k1
2	इसे	इसे	PRP	11	k2
3	महाविस्फोट	महाविस्फोट	NN	4	ccof
4	या	या	CC:या	11	k2
5	बिगबैंग	बिगबैंग	NN	4	ccof
6	के	का	PSP:का	5	lwg__psp
7	सिद्धान्त	सिद्धान्त	NN	9	r6
8	के	का	PSP:का	7	lwg__psp
9	रूप	रूप	NN	11	k7
10	में	में	PSP:में	9	lwg__psp
11	स्वीकारता	स्वीकारता	VM	0	main
12	है	है	VAUX	11	lwg__vaux
13	.	.	.	11	rsym


