1	बीजगणित	बीजगणित	JJ	2	nmod__adj
2	गणित	गणित	NN	5	r6
3	की	का	PSP:का	2	lwg__psp
4	वह	वह	PRP	5	nmod__adj
5	शाखा	शाखा	NN	0	main
6	जिसमें	जो	PRP	14	k7
7	संख्याओं	संख्या	NN	9	r6
8	के	का	PSP:का	7	lwg__psp
9	स्थान	स्थान	NN	14	k7
10	पर	पर	PSP:पर	9	lwg__psp
11	चिन्हों	चिन्ह	NN	13	r6-k2
12	का	का	PSP:का	11	lwg__psp
13	प्रयोग	प्रयोग	NN	14	pof
14	किया	कर	VM	0	ROOT
15	जाता	जा	VAUX	14	lwg__vaux
16	है	है	VAUX	14	lwg__vaux
17	.	.	.	14	rsym

1	बीजगणित	बीजगणित	JJ	2	nmod__adj
2	चर	चर	NN	3	ccof
3	तथा	तथा	CC:तथा	11	ccof
4	अचर	अचर	JJ	5	nmod__adj
5	राशियों	राशि	NN	3	ccof
6	के	का	PSP:का	5	lwg__psp
7	समीकरण	समीकरण	NN	10	k2
8	को	को	PSP:को	7	lwg__psp
9	हल	हल	NN	10	pof
10	करने	कर	VM	11	ccof
11	तथा	तथा	CC:तथा	19	k1
12	चर	चर	NN	13	mod
13	राशियों	राशि	NN	15	r6
14	के	का	PSP:का	13	lwg__psp
15	मान	मान	NN	16	k2
16	निकालने	निकाल	VM	19	k7
17	पर	पर	PSP:पर	16	lwg__psp
18	आधारित	आधारित	JJ	19	pof
19	है	है	VM	0	main
20	.	.	.	19	rsym

1	दूसरे	दूसरा	QO	2	nmod__adj
2	शब्दों	शब्द	NN	0	main
3	में	में	PSP:में	2	lwg__psp
4	,	,	,	2	rsym
5	बीजगणित	बीजगणित	NNP	14	k5
6	से	से	PSP:से	5	lwg__psp
7	अंकगणित	अंकगणित	JJ	10	r6
8	की	का	PSP:का	7	lwg__psp
9	कठिन	कठिन	JJ	10	nmod__adj
10	समस्याओं	समस्या	NN	12	r6
11	का	का	PSP:का	10	lwg__psp
12	हल	हल	NN	14	k1
13	सरल	सरल	JJ	14	pof
14	हो	हो	VM	2	ccof
15	जाता	जा	VAUX	14	lwg__vaux
16	है	है	VAUX	14	lwg__vaux
17	.	.	.	14	rsym

1	बीजगणिति	बीजगणिति	NN	4	r6
2	के	का	PSP:का	1	lwg__psp
3	आधुनिक	आधुनिक	JJ	4	nmod__adj
4	संकेतवाद	संकेतवाद	NN	6	r6
5	का	का	PSP:का	4	lwg__psp
6	विकास	विकास	NN	12	k1
7	कुछ	कुछ	PRP	12	k1
8	शताब्दी	शताब्दी	NNP	12	k1
9	पूर्व	पूर्व	NST	12	k7t
10	ही	ही	RP	9	lwg__rp
11	प्रारंभ	प्रारंभ	NN	12	pof
12	हुआ	हो	VM	23	rh
13	है	है	VAUX	12	lwg__vaux
14	;	;	;	12	rsym
15	परंतु	परंतु	CC:परंतु	16	mod
16	समीकरणों	समीकरण	NN	18	r6
17	के	का	PSP:का	16	lwg__psp
18	साधन	साधन	NN	20	r6
19	की	का	PSP:का	18	lwg__psp
20	समस्या	समस्या	NN	23	k1
21	बहुत	बहुत	INTF	22	jjmod__intf
22	पुरानी	पुरानी	JJ	23	k1s
23	है	है	VM	0	main
24	.	.	.	23	rsym

1	संधि	संधि	NN	0	ROOT
2	शोथ	शोथ	NN	0	ROOT
3	यानि	यानि	CC:यानि	0	ROOT
4	"	"	"	5	mod
5	जोड़ों	जोड़ों	NN	0	ROOT
6	में	में	PSP:में	5	lwg__psp
7	दर्द	दर्द	NN	8	mod
8	"	"	"	10	r6
9	के	का	PSP:का	8	lwg__psp
10	रोगी	रोगी	NN	13	r6
11	के	का	PSP:का	10	lwg__psp
12	एक	एक	QC	13	nmod__adj
13	या	या	CC:या	0	ROOT
14	कई	कई	QF	15	nmod__adj
15	जोड़ों	जोड़ों	NN	22	k7
16	में	में	PSP:में	15	lwg__psp
17	दर्द	दर्द	NN	20	ccof
18	,	,	,	17	rsym
19	अकड़न	अकड़न	NN	20	ccof
20	या	या	CC:या	22	k7
21	सूजन	सूजन	NN	20	ccof
22	आ	आ	VM	13	ccof
23	जाती	जा	VAUX	22	lwg__vaux
24	है	है	VAUX	22	lwg__vaux
25	.	.	.	22	rsym

1	इस	इस	DEM	2	nmod__adj
2	रोग	रोग	NN	7	k7
3	में	में	PSP:में	2	lwg__psp
4	जोड़ों	जोड़ों	NN	7	k7
5	में	में	PSP:में	4	lwg__psp
6	गांठें	गांठें	NN	7	k1s
7	बन	बन	VM	10	ccof
8	जाती	जा	VAUX	7	lwg__vaux
9	हैं	है	VAUX	7	lwg__vaux
10	और	और	CC:और	0	main
11	शूल	शूल	NN	15	k1
12	चुभने	चुभ	VM	15	vmod
13	जैसी	जैसी	PSP:जैसी	12	lwg__psp
14	पीड़ा	पीड़ा	NN	15	pof
15	होती	हो	VM	18	ccof
16	है	है	VAUX	15	lwg__vaux
17	,	,	,	15	rsym
18	इसलिए	इसलिये	CC:इसलिये	10	ccof
19	इस	इस	DEM	20	nmod__adj
20	रोग	रोग	NN	24	k2
21	को	को	PSP:को	20	lwg__psp
22	गठिया	गठिया	NN	24	k1
23	भी	भी	RP	22	lwg__rp
24	कहते	कह	VM	18	ccof
25	हैं	है	VAUX	24	lwg__vaux
26	.	.	.	24	rsym

1	संधिशोथ	संधिशोथ	NN	10	k7p
2	में	में	PSP:में	1	lwg__psp
3	रोगी	रोगी	NN	10	k7t
4	को	को	PSP:को	3	lwg__psp
5	आक्रांत	आक्रांत	JJ	6	mod
6	संधि	संधि	NN	10	k7
7	में	में	PSP:में	6	lwg__psp
8	असह्य	असह्य	JJ	9	nmod__adj
9	पीड़ा	पीड़ा	NN	10	pof
10	होती	हो	VM	0	ROOT
11	है	है	VAUX	10	lwg__vaux
12	,	,	,	10	rsym
13	नाड़ी	नाड़ी	NN	15	r6
14	की	का	PSP:का	13	lwg__psp
15	गति	गति	NN	17	k1
16	तीव्र	तीव्र	JJ	17	pof
17	हो	हो	VM	0	ROOT
18	जाती	जा	VAUX	17	lwg__vaux
19	है	है	VAUX	17	lwg__vaux
20	,	,	,	17	rsym
21	ज्वर	ज्वर	NN	22	pof
22	होता	हो	VM	0	ROOT
23	है	है	VAUX	22	lwg__vaux
24	,	,	,	22	rsym
25	वेगानुसार	वेगानुसार	NN	26	mod
26	संधिशूल	संधिशूल	NN	30	k7p
27	में	में	PSP:में	26	lwg__psp
28	भी	भी	RP	26	lwg__rp
29	परिवर्तन	परिवर्तन	NN	30	pof
30	होता	हो	VM	22	ccof
31	रहता	रह	VAUX	30	lwg__vaux
32	है	है	VAUX	30	lwg__vaux
33	.	.	.	30	rsym

1	रामायण	रामायण	NN	6	k1
2	आदि	आदि	RP	1	lwg__rp
3	कवि	कवि	XC	4	mod
4	वाल्मीकि	वाल्मीकि	NNP	6	k1
5	द्वारा	द्वारा	PSP:द्वारा	4	lwg__psp
6	लिखा	लिखा	VM	8	nmod__k2inv
7	गया	गया	VAUX	6	lwg__vaux
8	संस्कृत	संस्कृत	NN	12	r6
9	का	का	PSP:का	8	lwg__psp
10	एक	एक	QC	12	nmod__adj
11	अनुपम	अनुपम	JJ	12	nmod__adj
12	महाकाव्य	महाकाव्य	NN	13	k1s
13	है	है	VM	0	main
14	.	.	.	13	rsym

1	यह	यह	DEM	2	nmod__adj
2	हिन्दू	हिंदू	NN	7	k1
3	स्मृति	स्मृति	NN	7	r6
4	का	का	PSP:का	3	lwg__psp
5	वह	वह	PRP	7	k1
6	अंग	अंग	NN	7	k1s
7	हैं	है	VM	0	main
8	जिसके	जो	PRP	0	ROOT
9	माध्यम	माध्यम	NN	17	adv
10	से	से	PSP:से	9	lwg__psp
11	रघुवंश	रघुवंश	NN	14	r6
12	के	का	PSP:का	11	lwg__psp
13	राजा	राजा	XC	14	mod
14	राम	राम	NNP	16	r6
15	की	का	PSP:का	14	lwg__psp
16	गाथा	गाथा	NN	17	k2
17	कही	कह	VM	0	ROOT
18	गयी	गयी	VAUX	17	lwg__vaux
19	.	.	.	17	rsym

1	लाल	लाल	JJ	3	mod
2	सागर	सागर	XC	3	mod
3	अफ्रीका	अफ्रीका	NNP	4	ccof
4	एवं	एवं	CC:एवं	17	k1
5	एशिया	एशिया	NNP	4	ccof
6	के	का	PSP:का	5	lwg__psp
7	बीच	बीच	NST	5	lwg__psp
8	हिंद	हिंद	XC	9	pof__cn
9	महासागर	महासागर	NNP	13	r6
10	का	का	PSP:का	9	lwg__psp
11	एक	एक	QC	13	nmod__adj
12	नमकीन	नमकीन	JJ	13	nmod__adj
13	पानी	पानी	NN	16	r6
14	की	का	PSP:का	13	lwg__psp
15	एक	एक	QC	16	nmod__adj
16	खाड़ी	खाड़ी	NN	17	k1
17	हैं	है	VM	0	main
18	.	.	.	17	rsym

1	दक्षिण	दक्षिण	NN	12	k7
2	में	में	PSP:में	1	lwg__psp
3	अदन	अदन	NN	5	r6
4	की	का	PSP:का	3	lwg__psp
5	खाड़ी	खाड़ी	NNP	12	k5
6	से	से	PSP:से	5	lwg__psp
7	लाल	लाल	JJ	10	pof__cn
8	सागर	सागर	XC	10	mod
9	हिंद	हिंद	XC	10	pof__cn
10	महासागर	महासागर	NNP	12	k5
11	से	से	PSP:से	10	lwg__psp
12	मिलता	मिल	VM	0	main
13	है	है	VAUX	12	lwg__vaux
14	.	.	.	12	rsym

1	लगभग	लगभग	RB	4	lwg__rp
2	2250	2250	QC	3	nmod__adj
3	किलोमीटर	किलोमीटर	NN	4	nmod
4	लंबाई	लंबाई	NN	8	r6
5	के	का	PSP:का	4	lwg__psp
6	इस	इस	DEM	8	nmod__adj
7	समुद्री	समुद्री	JJ	8	nmod__adj
8	विस्तार	विस्तार	NN	14	k1
9	की	का	PSP:का	8	lwg__psp
10	औसत	औसत	JJ	11	nmod__adj
11	गहराई	गहराई	NN	14	k1
12	490	490	QC	13	nmod__adj
13	मीटर	मीटर	NN	14	k1
14	है	है	VM	15	ccof
15	तथा	तथा	CC:तथा	0	main
16	सबसे	सबसे	INTF	17	jjmod__intf
17	चौड़े	चौड़े	JJ	18	nmod__adj
18	स्थान	स्थान	NN	28	k7
19	पर	पर	PSP:पर	18	lwg__psp
20	इसके	इसके	PRP	21	r6
21	तटों	तट	NN	28	k7t
22	के	का	PSP:का	21	lwg__psp
23	बीच	बीच	NST	21	lwg__psp
24	355	355	QC	25	nmod__adj
25	किलोमीटर	किलोमीटर	NN	27	r6
26	की	का	PSP:का	25	lwg__psp
27	दूरी	दूरी	NN	28	pof
28	है	है	VM	15	ccof
29	.	.	.	28	rsym

1	कर्नाटक	कर्नाटक	NN	5	k1
2	जिसे	जो	PRP	5	k2
3	कर्णाटक	कर्णाटक	NN	5	k1
4	भी	भी	RP	3	lwg__rp
5	कहते	कह	VM	0	main
6	हैं	है	VAUX	5	lwg__vaux
7	,	,	,	5	rsym
8	दक्षिण	दक्षिण	XC	9	mod
9	भारत	भारत	NNP	12	r6
10	का	का	PSP:का	9	lwg__psp
11	एक	एक	QC	12	nmod__adj
12	राज्य	राज्य	NN	13	k1s
13	है	है	VM	5	vmod
14	.	.	.	13	rsym

1	पहले	पहले	NST	5	k7t
2	यह	यह	DEM	4	nmod__adj
3	मैसूर	मैसूर	JJ	4	nmod__adj
4	राज्य	राज्य	NN	5	k1
5	कहलाता	कहला	VM	0	main
6	था	था	VAUX	5	lwg__vaux
7	.	.	.	5	rsym

1	इसकी	इसकी	PRP	3	r6
2	सीमाएं	सीमा	NN	3	mod
3	पश्चिम	पश्चिम	NN	0	ROOT
4	में	में	PSP:में	3	lwg__psp
5	अरब	अरब	XC	6	mod
6	सागर	सागर	NNP	0	ROOT
7	,	,	,	6	rsym
8	उत्तर	उत्तर	XC	9	mod
9	पश्चिम	पश्चिम	NN	0	ROOT
10	में	में	PSP:में	9	lwg__psp
11	गोआ	गोआ	NN	0	ROOT
12	,	,	,	11	rsym
13	उत्तर	उत्तर	NN	31	k7p
14	में	में	PSP:में	13	lwg__psp
15	महाराष्ट्र	महाराष्ट्र	XC	31	k1
16	,	,	,	15	rsym
17	पूर्व	पूर्व	NST	31	k7p
18	में	में	PSP:में	17	lwg__psp
19	आंध्र	आंध्र	XC	20	mod
20	प्रदेश	प्रदेश	NNP	31	k7p
21	,	,	,	20	rsym
22	दक्षिण-पूर्व	दक्षिण-पूर्व	NN	31	k7p
23	में	में	PSP:में	22	lwg__psp
24	तमिल	तमिल	JJ	25	nmod__adj
25	नाडु	नाडु	NN	26	ccof
26	एवं	एवं	CC:एवं	31	k1
27	दक्षिण	दक्षिण	NN	26	ccof
28	में	में	PSP:में	27	lwg__psp
29	केरल	केरल	NNP	31	k5
30	से	से	PSP:से	29	lwg__psp
31	लगती	लग	VM	0	ROOT
32	हैं	है	VAUX	31	lwg__vaux
33	.	.	.	31	rsym

1	२९	२९	QC	2	nmod__adj
2	जिलों	जिला	NN	11	k7t
3	के	का	PSP:का	2	lwg__psp
4	साथ	साथ	NST	2	lwg__psp
5	यह	यह	DEM	6	nmod__adj
6	राज्य	राज्य	NN	11	k1
7	आठवां	आठवाँ	QC	11	k1
8	सबसे	सबसे	JJ	11	k1
9	बड़ा	बड़ा	NN	11	k1
10	राज्य	राज्य	NN	11	k1s
11	है	है	VM	0	main
12	.	.	.	11	rsym

1	राज्य	राज्य	NN	3	r6
2	की	का	PSP:का	1	lwg__psp
3	राजधानी	राजधानी	NN	6	k1
4	बंगलुरु	बंगलुरु	NN	5	mod
5	शहर	शहर	NN	6	k1s
6	है	है	VM	0	main
7	.	.	.	6	rsym

1	ओलम्पिक	ओलम्पिक	JJ	3	nmod__adj
2	खेल	खेल	NN	3	mod
3	वर्तमान	वर्तमान	NN	5	r6
4	की	का	PSP:का	3	lwg__psp
5	प्रतियोगिताओं	प्रतियोगिताओं	NN	10	k7
6	में	में	PSP:में	5	lwg__psp
7	अग्रणी	अग्रणी	JJ	9	nmod__adj
8	खेल	खेल	NN	9	mod
9	प्रतियोगिता	प्रतियोगिता	NN	10	k1s
10	है	है	VM	0	main
11	जिसमे	जिसमे	PRP	20	k7t
12	हज़ारों	हज़ारों	NN	13	mod
13	एथेलीट	एथेलीट	NN	20	k1
14	कई	कई	QF	15	nmod__adj
15	प्रकार	प्रकार	NN	17	r6
16	के	का	PSP:का	15	lwg__psp
17	खेलों	खेल	NN	20	k7
18	में	में	PSP:में	17	lwg__psp
19	भाग	भाग	NN	20	pof
20	लेते	ले	VM	0	ROOT
21	हैं	है	VAUX	20	lwg__vaux
22	.	.	.	20	rsym

1	ओलम्पिक	ओलम्पिक	JJ	2	nmod__adj
2	खेल	खेल	NN	10	k1
3	प्रत्येक	प्रत्येक	QF	5	nmod__adj
4	चार	चार	QC	5	nmod__adj
5	वर्ष	वर्ष	NN	7	r6
6	के	का	PSP:का	5	lwg__psp
7	अंतराल	अंतराल	NN	10	k2
8	से	से	PSP:से	7	lwg__psp
9	आयोजित	आयोजित	JJ	10	pof
10	किये	कर	VM	0	main
11	जाते	जा	VAUX	10	lwg__vaux
12	हैं	है	VAUX	10	lwg__vaux
13	.	.	.	10	rsym

1	ओलम्पिक	ओलम्पिक	JJ	2	nmod__adj
2	खेलों	खेल	NN	4	r6
3	का	का	PSP:का	2	lwg__psp
4	आयोजन	आयोजन	NN	8	pof
5	अन्तर्राष्ट्रीय	अंतर्राष्ट्रीय	JJ	7	nmod__adj
6	ओलम्पिक	ओलम्पिक	JJ	7	nmod__adj
7	समिति	समिति	NN	8	pof
8	करती	कर	VM	0	main
9	है	है	VAUX	8	lwg__vaux
10	.	.	.	8	rsym

1	अमेरिकी	अमेरिकी	JJ	2	nmod__adj
2	डॉलर	डॉलर	NN	9	k1
3	संयुक्त	संयुक्त	XC	5	mod
4	राज्य	राज्य	XC	5	mod
5	अमेरिका	अमेरिका	NNP	8	r6
6	की	का	PSP:का	5	lwg__psp
7	राष्ट्रीय	राष्ट्रीय	JJ	8	nmod__adj
8	मुद्रा	मुद्रा	NN	9	k1s
9	है	है	VM	0	main
10	.	.	.	9	rsym

1	विश्वविद्यालय	विश्वविद्यालय	NN	3	nmod__adj
2	(	(	(	3	rsym
3	युनिवर्सिटी	युनिवर्सिटी	NN	7	k1
4	)	)	)	3	rsym
5	वह	वह	PRP	7	k1
6	संस्था	संस्था	NN	7	k1s
7	है	है	VM	0	main
8	जिसमें	जो	PRP	18	k7
9	सभी	सभी	QF	10	nmod__adj
10	प्रकार	प्रकार	NN	12	r6
11	की	का	PSP:का	10	lwg__psp
12	विद्याओं	विद्याओं	NN	15	r6
13	की	का	PSP:का	12	lwg__psp
14	उच्च	उच्च	JJ	15	nmod__adj
15	कोटि	कोटि	NN	17	r6-k2
16	की	का	PSP:का	15	lwg__psp
17	शिक्षा	शिक्षा	NN	18	pof
18	दी	दे	VM	26	ccof
19	जाती	जा	VAUX	18	lwg__vaux
20	हो	हो	VAUX	18	lwg__vaux
21	,	,	,	18	rsym
22	परीक्षा	परीक्षा	NN	23	k2
23	ली	ले	VM	26	ccof
24	जाती	जा	VAUX	23	lwg__vaux
25	हो	हो	VAUX	23	lwg__vaux
26	तथा	तथा	CC:तथा	0	ROOT
27	लोगों	लोग	NN	34	k4
28	को	को	PSP:को	27	lwg__psp
29	विद्या	विद्या	NN	31	mod
30	संबंधी	संबंधी	JJ	31	nmod__adj
31	उपाधियां	उपाधि	NN	34	k2
32	आदि	आदि	RP	31	lwg__rp
33	प्रदान	प्रदान	NN	34	pof
34	की	कर	VM	26	ccof
35	जाती	जा	VAUX	34	lwg__vaux
36	हों	ह	VAUX	34	lwg__vaux
37	.	.	.	34	rsym

1	इसके	इसके	PRP	18	vmod
2	अंतर्गत	अंतर्गत	PSP:?	1	lwg__psp
3	विश्वविद्यालय	विश्वविद्यालय	NN	5	r6
4	के	का	PSP:का	3	lwg__psp
5	मैदान	मैदान	NN	11	ccof
6	,	,	,	5	rsym
7	भवन	भवन	XC	11	ccof
8	,	,	,	7	rsym
9	प्रभाग	प्रभाग	NN	11	ccof
10	,	,	,	9	rsym
11	तथा	तथा	CC:तथा	18	k1
12	विद्यार्थियों	विद्यार्थी	NN	14	r6
13	का	का	PSP:का	12	lwg__psp
14	संगठन	संगठन	NN	11	ccof
15	आदि	आदि	RP	14	lwg__rp
16	भी	भी	RP	14	lwg__rp
17	सम्मिलित	सम्मिलित	JJ	18	k1s
18	हैं	है	VM	0	main
19	.	.	.	18	rsym

1	विधान	विधान	JJ	2	mod
2	सभा	सभा	NN	3	ccof
3	या	या	CC:या	0	main
4	वैधानिक	वैधानिक	JJ	5	nmod__adj
5	सभा	सभा	NN	3	ccof
6	जिसे	जो	PRP	29	k2
7	भारत	भारत	NNP	10	r6
8	के	का	PSP:का	7	lwg__psp
9	विभिन्न	विभिन्न	JJ	10	nmod__adj
10	राज्यों	राज्य	NN	29	k7p
11	में	में	PSP:में	10	lwg__psp
12	निचला	निचला	JJ	13	nmod__adj
13	सदन	सदन	NN	19	ccof
14	(	(	(	16	rsym
15	द्विसदनीय	द्विसदनीय	JJ	16	nmod__adj
16	राज्यों	राज्य	NN	13	nmod
17	में	में	PSP:में	13	fragof
18	)	)	)	13	rsym
19	या	या	CC:या	29	k2
20	सोल	सोल	XC	21	mod
21	हाउस	हाउस	NNP	19	ccof
22	(	(	(	25	rsym
23	एक	एक	QC	25	nmod__adj
24	सदनीय	सदनीय	JJ	25	nmod__adj
25	राज्यों	राज्य	NN	21	nmod
26	में	में	PSP:में	25	lwg__psp
27	)	)	)	25	rsym
28	भी	भी	RP	21	lwg__rp
29	कहा	कह	VM	0	ROOT
30	जाता	जा	VAUX	29	lwg__vaux
31	है	है	VAUX	29	lwg__vaux
32	.	.	.	29	rsym

1	संयुक्त	संयुक्त	JJ	2	mod
2	राष्ट्र	राष्ट्र	NN	26	k1
3	ने	ने	PSP:ने	2	lwg__psp
4	सन	सन	XC	8	mod
5	२००७	२००७	QC	8	nmod__adj
6	से	से	PSP:से	8	lwg__rp
7	महात्मा	महात्मा	XC	8	mod
8	गांधी	गांधी	NNP	10	r6
9	के	का	PSP:का	8	lwg__psp
10	जन्मदिन	जन्मदिन	NN	22	k2
11	(	(	(	13	rsym
12	२	२	QC	13	mod
13	अक्टूबर	अक्टूबर	NNP	10	nmod
14	)	)	)	13	rsym
15	को	को	PSP:को	10	fragof
16	विश्व	विश्व	XC	18	mod
17	अहिंसा	अहिंसा	NN	18	mod
18	दिवस	दिवस	NN	20	r6
19	के	का	PSP:का	18	lwg__psp
20	रूप	रूप	NN	22	k7
21	में	में	PSP:में	20	lwg__psp
22	मनाने	मना	VM	24	r6
23	का	का	PSP:का	22	lwg__psp
24	प्रस्ताव	प्रस्ताव	NN	26	k2
25	पारित	पारित	JJ	26	pof
26	किया	कर	VM	0	main
27	है	है	VAUX	26	lwg__vaux
28	.	.	.	26	rsym

1	अहिंसा	अहिंसा	NN	3	r6
2	की	का	PSP:का	1	lwg__psp
3	नीति	नीति	NN	6	r6
4	के	का	PSP:का	3	lwg__psp
5	ज़रिए	ज़रिए	JJ	6	nmod__adj
6	विश्व	विश्व	NN	14	k7p
7	भर	भर	RP	6	lwg__rp
8	में	में	PSP:में	6	lwg__psp
9	शांति	शान्ति	NN	11	r6
10	के	का	PSP:का	9	lwg__psp
11	संदेश	संदेश	NN	14	k2
12	को	को	PSP:को	11	lwg__psp
13	बढ़ावा	बढ़ावा	NN	14	pof
14	देने	दे	VM	19	r6
15	के	का	PSP:का	14	lwg__psp
16	महात्मा	महात्मा	XC	17	mod
17	गांधी	गांधी	NNP	19	r6
18	के	का	PSP:का	17	lwg__psp
19	योगदान	योगदान	NN	21	k2
20	को	को	PSP:को	19	lwg__psp
21	सराहने	सराह	VM	36	rt
22	के	का	PSP:का	21	lwg__psp
23	लिए	ले	PSP:ले	21	lwg__psp
24	इस	इस	DEM	25	nmod__adj
25	दिन	दिन	NN	33	k2
26	को	को	PSP:को	25	lwg__psp
27	अंतरराष्ट्रीय	अंतरराष्ट्रीय	JJ	29	mod
28	अहिंसा	अहिंसा	NN	29	mod
29	दिवस	दिवस	NN	31	r6
30	के	का	PSP:का	29	lwg__psp
31	रूप	रूप	NN	33	k7
32	में	में	PSP:में	31	lwg__psp
33	मनाने	मना	VM	35	r6-k2
34	का	का	PSP:का	33	lwg__psp
35	फ़ैसला	फ़ैसला	NN	36	pof
36	किया	कर	VM	0	main
37	गया	गया	VAUX	36	lwg__vaux
38	था	था	VAUX	36	lwg__vaux
39	.	.	.	36	rsym

1	भारतीय	भारतीय	JJ	3	mod
2	जनता	जनता	NN	3	mod
3	पार्टी	पार्टी	NN	7	r6
4	(	(	(	5	rsym
5	भाजपा	भाजपा	NN	3	nmod
6	के	का	PSP:का	3	fragof
7	रूप	रूप	NN	20	k7
8	में	में	PSP:में	7	lwg__psp
9	संक्षेपाक्षरित	संक्षेपाक्षरित	JJ	16	nmod__adj
10	)	)	)	16	mod
11	भारत	भारत	NNP	16	r6
12	के	का	PSP:का	11	lwg__psp

13	दो	दो	QC	16	nmod__adj
14	प्रमुख	प्रमुख	JJ	16	nmod__adj
15	राजनीतिक	राजनीतिक	JJ	16	nmod__adj
16	दलों	दल	NN	20	k5
17	में	में	PSP:में	16	lwg__psp
18	से	से	PSP:से	16	lwg__psp
19	एक	एक	QC	20	k1s
20	हैं	है	VM	0	main
21	,	,	,	20	rsym
22	जिसमें	जो	PRP	28	k7
23	दूसरा	दूसरा	QO	24	nmod__adj
24	दल	दल	NN	28	k1
25	भारतीय	भारतीय	JJ	27	nmod__adj
26	राष्ट्रीय	राष्ट्रीय	JJ	27	mod
27	कांग्रेस	कांग्रेस	NN	28	k1
28	है	है	VM	0	ROOT
29	.	.	.	28	rsym


